<?xml version="1.0" encoding="UTF-8"?>
<robot generator="Robot 6.1.1 (Python 3.9.11 on win32)" generated="20231228 14:26:25.943" rpa="false" schemaversion="4">
<suite id="s1" name="Get Api Postman" source="c:\Users\Archimedis Digital\Robot Framework\api postman\get_api_postman.robot">
<test id="s1-t1" name="Get User Details" line="9">
<kw name="Create Session" library="RequestsLibrary">
<arg>apiSession</arg>
<arg>${baseUrl}</arg>
<doc>Create Session: create a HTTP session to a server</doc>
<msg timestamp="20231228 14:26:26.149" level="INFO">Creating Session using : alias=apiSession, url=https://simple-books-api.glitch.me, headers={},                     cookies={}, auth=None, timeout=None, proxies=None, verify=False,                     debug=0 </msg>
<status status="PASS" starttime="20231228 14:26:26.149" endtime="20231228 14:26:26.149"/>
</kw>
<kw name="Create Dictionary" library="BuiltIn">
<var>${headers}</var>
<arg>Content-Type=application/json</arg>
<doc>Creates and returns a dictionary based on the given ``items``.</doc>
<msg timestamp="20231228 14:26:26.149" level="INFO">${headers} = {'Content-Type': 'application/json'}</msg>
<status status="PASS" starttime="20231228 14:26:26.149" endtime="20231228 14:26:26.149"/>
</kw>
<kw name="GET On Session" library="RequestsLibrary">
<var>${response}</var>
<arg>apiSession</arg>
<arg>/status</arg>
<arg>headers=${headers}</arg>
<doc>Sends a GET request on a previously created HTTP Session.</doc>
<msg timestamp="20231228 14:26:27.174" level="INFO">GET Request : url=https://simple-books-api.glitch.me/status 
 path_url=/status 
 headers={'User-Agent': 'python-requests/2.31.0', 'Accept-Encoding': 'gzip, deflate', 'Accept': '*/*', 'Connection': 'keep-alive', 'Content-Type': 'application/json'} 
 body=None 
 </msg>
<msg timestamp="20231228 14:26:27.175" level="INFO">GET Response : url=https://simple-books-api.glitch.me/status 
 status=200, reason=OK 
 headers={'Date': 'Thu, 28 Dec 2023 08:56:27 GMT', 'Content-Type': 'application/json; charset=utf-8', 'Content-Length': '15', 'Connection': 'keep-alive', 'x-powered-by': 'Express', 'etag': 'W/"f-v/Y1JusChTxrQUzPtNAKycooOTA"'} 
 body={"status":"OK"} 
 </msg>
<msg timestamp="20231228 14:26:27.175" level="INFO">C:\Users\Archimedis Digital\AppData\Local\Programs\Python\Python39\lib\site-packages\urllib3\connectionpool.py:1095: InsecureRequestWarning: Unverified HTTPS request is being made to host 'simple-books-api.glitch.me'. Adding certificate verification is strongly advised. See: https://urllib3.readthedocs.io/en/latest/advanced-usage.html#tls-warnings
  warnings.warn(</msg>
<msg timestamp="20231228 14:26:27.175" level="INFO">${response} = &lt;Response [200]&gt;</msg>
<status status="PASS" starttime="20231228 14:26:26.149" endtime="20231228 14:26:27.175"/>
</kw>
<kw name="Should Be Equal As Numbers" library="BuiltIn">
<arg>${response.status_code}</arg>
<arg>200</arg>
<doc>Fails if objects are unequal after converting them to real numbers.</doc>
<msg timestamp="20231228 14:26:27.175" level="INFO">Argument types are:
&lt;class 'int'&gt;
&lt;class 'str'&gt;</msg>
<status status="PASS" starttime="20231228 14:26:27.175" endtime="20231228 14:26:27.175"/>
</kw>
<kw name="Log" library="BuiltIn">
<arg>${response.text}</arg>
<doc>Logs the given message with the given level.</doc>
<msg timestamp="20231228 14:26:27.175" level="INFO">{"status":"OK"}</msg>
<status status="PASS" starttime="20231228 14:26:27.175" endtime="20231228 14:26:27.175"/>
</kw>
<status status="PASS" starttime="20231228 14:26:26.149" endtime="20231228 14:26:27.175"/>
</test>
<status status="PASS" starttime="20231228 14:26:25.950" endtime="20231228 14:26:27.175"/>
</suite>
<statistics>
<total>
<stat pass="1" fail="0" skip="0">All Tests</stat>
</total>
<tag>
</tag>
<suite>
<stat pass="1" fail="0" skip="0" id="s1" name="Get Api Postman">Get Api Postman</stat>
</suite>
</statistics>
<errors>
</errors>
</robot>
