<?xml version="1.0" encoding="UTF-8"?>
<robot generator="Robot 6.1.1 (Python 3.9.11 on win32)" generated="20240102 18:19:02.275" rpa="false" schemaversion="4">
<suite id="s1" name="Excel" source="c:\Users\Archimedis Digital\Robot Framework\excel.robot">
<test id="s1-t1" name="Login with Excel Data" line="12">
<kw name="Select Worksheet">
<kw name="Open Excel Document" library="ExcelLibrary">
<arg>robotframework.xlsx</arg>
<arg>doc_id</arg>
<doc>Opens xlsx document file.</doc>
<status status="PASS" starttime="20240102 18:19:03.464" endtime="20240102 18:19:03.482"/>
</kw>
<status status="PASS" starttime="20240102 18:19:03.464" endtime="20240102 18:19:03.482"/>
</kw>
<kw name="Open Browser in sause">
<kw name="Open Browser" library="SeleniumLibrary">
<arg>https://www.saucedemo.com/</arg>
<arg>chrome</arg>
<doc>Opens a new browser instance to the optional ``url``.</doc>
<msg timestamp="20240102 18:19:03.485" level="INFO">Opening browser 'chrome' to base url 'https://www.saucedemo.com/'.</msg>
<status status="PASS" starttime="20240102 18:19:03.485" endtime="20240102 18:19:07.023"/>
</kw>
<status status="PASS" starttime="20240102 18:19:03.485" endtime="20240102 18:19:07.023"/>
</kw>
<kw name="Maximize Browser Window" library="SeleniumLibrary">
<doc>Maximizes current browser window.</doc>
<status status="PASS" starttime="20240102 18:19:07.026" endtime="20240102 18:19:07.152"/>
</kw>
<for flavor="IN RANGE">
<var>${element}</var>
<value>1</value>
<value>5</value>
<iter>
<var name="${element}">1</var>
<kw name="Read Excel Cell" library="ExcelLibrary">
<var>${username}</var>
<arg>${element}</arg>
<arg>1</arg>
<doc>Returns content of a cell.</doc>
<msg timestamp="20240102 18:19:07.160" level="INFO">${username} = standard_user</msg>
<status status="PASS" starttime="20240102 18:19:07.160" endtime="20240102 18:19:07.160"/>
</kw>
<kw name="Read Excel Cell" library="ExcelLibrary">
<var>${password}</var>
<arg>${element}</arg>
<arg>2</arg>
<doc>Returns content of a cell.</doc>
<msg timestamp="20240102 18:19:07.168" level="INFO">${password} = secret_sauce</msg>
<status status="PASS" starttime="20240102 18:19:07.168" endtime="20240102 18:19:07.168"/>
</kw>
<kw name="Log" library="BuiltIn">
<arg>${element}</arg>
<doc>Logs the given message with the given level.</doc>
<msg timestamp="20240102 18:19:07.168" level="INFO">1</msg>
<status status="PASS" starttime="20240102 18:19:07.168" endtime="20240102 18:19:07.168"/>
</kw>
<kw name="Input Text" library="SeleniumLibrary">
<arg>//input[@placeholder="Username"]</arg>
<arg>${username}</arg>
<doc>Types the given ``text`` into the text field identified by ``locator``.</doc>
<msg timestamp="20240102 18:19:07.176" level="INFO">Typing text 'standard_user' into text field '//input[@placeholder="Username"]'.</msg>
<status status="PASS" starttime="20240102 18:19:07.168" endtime="20240102 18:19:07.521"/>
</kw>
<kw name="Input Password" library="SeleniumLibrary">
<arg>//input[@placeholder="Password"]</arg>
<arg>${password}</arg>
<doc>Types the given password into the text field identified by ``locator``.</doc>
<msg timestamp="20240102 18:19:07.530" level="INFO">Typing password into text field '//input[@placeholder="Password"]'.</msg>
<msg timestamp="20240102 18:19:07.610" level="INFO">Temporally setting log level to: NONE</msg>
<msg timestamp="20240102 18:19:07.768" level="INFO">Log level changed from NONE to INFO.</msg>
<status status="PASS" starttime="20240102 18:19:07.521" endtime="20240102 18:19:07.768"/>
</kw>
<kw name="Click Button" library="SeleniumLibrary">
<arg>//input[@id="login-button"]</arg>
<doc>Clicks the button identified by ``locator``.</doc>
<msg timestamp="20240102 18:19:07.768" level="INFO">Clicking button '//input[@id="login-button"]'.</msg>
<status status="PASS" starttime="20240102 18:19:07.768" endtime="20240102 18:19:08.035"/>
</kw>
<kw name="Execute Javascript" library="SeleniumLibrary">
<arg>window.open('https://www.saucedemo.com/')</arg>
<doc>Executes the given JavaScript code with possible arguments.</doc>
<msg timestamp="20240102 18:19:08.035" level="INFO">Executing JavaScript:
window.open('https://www.saucedemo.com/')
Without any arguments.</msg>
<status status="PASS" starttime="20240102 18:19:08.035" endtime="20240102 18:19:08.113"/>
</kw>
<kw name="Switch Window" library="SeleniumLibrary">
<arg>New</arg>
<doc>Switches to browser window matching ``locator``.</doc>
<status status="PASS" starttime="20240102 18:19:08.113" endtime="20240102 18:19:08.161"/>
</kw>
<status status="PASS" starttime="20240102 18:19:07.152" endtime="20240102 18:19:08.161"/>
</iter>
<iter>
<var name="${element}">2</var>
<kw name="Read Excel Cell" library="ExcelLibrary">
<var>${username}</var>
<arg>${element}</arg>
<arg>1</arg>
<doc>Returns content of a cell.</doc>
<msg timestamp="20240102 18:19:08.161" level="INFO">${username} = locked_out_user</msg>
<status status="PASS" starttime="20240102 18:19:08.161" endtime="20240102 18:19:08.161"/>
</kw>
<kw name="Read Excel Cell" library="ExcelLibrary">
<var>${password}</var>
<arg>${element}</arg>
<arg>2</arg>
<doc>Returns content of a cell.</doc>
<msg timestamp="20240102 18:19:08.161" level="INFO">${password} = secret_sauce</msg>
<status status="PASS" starttime="20240102 18:19:08.161" endtime="20240102 18:19:08.161"/>
</kw>
<kw name="Log" library="BuiltIn">
<arg>${element}</arg>
<doc>Logs the given message with the given level.</doc>
<msg timestamp="20240102 18:19:08.169" level="INFO">2</msg>
<status status="PASS" starttime="20240102 18:19:08.161" endtime="20240102 18:19:08.169"/>
</kw>
<kw name="Input Text" library="SeleniumLibrary">
<arg>//input[@placeholder="Username"]</arg>
<arg>${username}</arg>
<doc>Types the given ``text`` into the text field identified by ``locator``.</doc>
<msg timestamp="20240102 18:19:08.174" level="INFO">Typing text 'locked_out_user' into text field '//input[@placeholder="Username"]'.</msg>
<status status="PASS" starttime="20240102 18:19:08.169" endtime="20240102 18:19:08.613"/>
</kw>
<kw name="Input Password" library="SeleniumLibrary">
<arg>//input[@placeholder="Password"]</arg>
<arg>${password}</arg>
<doc>Types the given password into the text field identified by ``locator``.</doc>
<msg timestamp="20240102 18:19:08.616" level="INFO">Typing password into text field '//input[@placeholder="Password"]'.</msg>
<msg timestamp="20240102 18:19:08.717" level="INFO">Temporally setting log level to: NONE</msg>
<msg timestamp="20240102 18:19:08.935" level="INFO">Log level changed from NONE to INFO.</msg>
<status status="PASS" starttime="20240102 18:19:08.613" endtime="20240102 18:19:08.935"/>
</kw>
<kw name="Click Button" library="SeleniumLibrary">
<arg>//input[@id="login-button"]</arg>
<doc>Clicks the button identified by ``locator``.</doc>
<msg timestamp="20240102 18:19:08.942" level="INFO">Clicking button '//input[@id="login-button"]'.</msg>
<status status="PASS" starttime="20240102 18:19:08.942" endtime="20240102 18:19:09.114"/>
</kw>
<kw name="Execute Javascript" library="SeleniumLibrary">
<arg>window.open('https://www.saucedemo.com/')</arg>
<doc>Executes the given JavaScript code with possible arguments.</doc>
<msg timestamp="20240102 18:19:09.114" level="INFO">Executing JavaScript:
window.open('https://www.saucedemo.com/')
Without any arguments.</msg>
<status status="PASS" starttime="20240102 18:19:09.114" endtime="20240102 18:19:09.165"/>
</kw>
<kw name="Switch Window" library="SeleniumLibrary">
<arg>New</arg>
<doc>Switches to browser window matching ``locator``.</doc>
<status status="PASS" starttime="20240102 18:19:09.173" endtime="20240102 18:19:09.254"/>
</kw>
<status status="PASS" starttime="20240102 18:19:08.161" endtime="20240102 18:19:09.254"/>
</iter>
<iter>
<var name="${element}">3</var>
<kw name="Read Excel Cell" library="ExcelLibrary">
<var>${username}</var>
<arg>${element}</arg>
<arg>1</arg>
<doc>Returns content of a cell.</doc>
<msg timestamp="20240102 18:19:09.254" level="INFO">${username} = problem_user</msg>
<status status="PASS" starttime="20240102 18:19:09.254" endtime="20240102 18:19:09.254"/>
</kw>
<kw name="Read Excel Cell" library="ExcelLibrary">
<var>${password}</var>
<arg>${element}</arg>
<arg>2</arg>
<doc>Returns content of a cell.</doc>
<msg timestamp="20240102 18:19:09.254" level="INFO">${password} = secret_sauce</msg>
<status status="PASS" starttime="20240102 18:19:09.254" endtime="20240102 18:19:09.254"/>
</kw>
<kw name="Log" library="BuiltIn">
<arg>${element}</arg>
<doc>Logs the given message with the given level.</doc>
<msg timestamp="20240102 18:19:09.254" level="INFO">3</msg>
<status status="PASS" starttime="20240102 18:19:09.254" endtime="20240102 18:19:09.254"/>
</kw>
<kw name="Input Text" library="SeleniumLibrary">
<arg>//input[@placeholder="Username"]</arg>
<arg>${username}</arg>
<doc>Types the given ``text`` into the text field identified by ``locator``.</doc>
<msg timestamp="20240102 18:19:09.257" level="INFO">Typing text 'problem_user' into text field '//input[@placeholder="Username"]'.</msg>
<status status="PASS" starttime="20240102 18:19:09.254" endtime="20240102 18:19:09.517"/>
</kw>
<kw name="Input Password" library="SeleniumLibrary">
<arg>//input[@placeholder="Password"]</arg>
<arg>${password}</arg>
<doc>Types the given password into the text field identified by ``locator``.</doc>
<msg timestamp="20240102 18:19:09.517" level="INFO">Typing password into text field '//input[@placeholder="Password"]'.</msg>
<msg timestamp="20240102 18:19:09.602" level="INFO">Temporally setting log level to: NONE</msg>
<msg timestamp="20240102 18:19:09.774" level="INFO">Log level changed from NONE to INFO.</msg>
<status status="PASS" starttime="20240102 18:19:09.517" endtime="20240102 18:19:09.774"/>
</kw>
<kw name="Click Button" library="SeleniumLibrary">
<arg>//input[@id="login-button"]</arg>
<doc>Clicks the button identified by ``locator``.</doc>
<msg timestamp="20240102 18:19:09.774" level="INFO">Clicking button '//input[@id="login-button"]'.</msg>
<status status="PASS" starttime="20240102 18:19:09.774" endtime="20240102 18:19:09.915"/>
</kw>
<kw name="Execute Javascript" library="SeleniumLibrary">
<arg>window.open('https://www.saucedemo.com/')</arg>
<doc>Executes the given JavaScript code with possible arguments.</doc>
<msg timestamp="20240102 18:19:09.919" level="INFO">Executing JavaScript:
window.open('https://www.saucedemo.com/')
Without any arguments.</msg>
<status status="PASS" starttime="20240102 18:19:09.915" endtime="20240102 18:19:09.986"/>
</kw>
<kw name="Switch Window" library="SeleniumLibrary">
<arg>New</arg>
<doc>Switches to browser window matching ``locator``.</doc>
<status status="PASS" starttime="20240102 18:19:09.986" endtime="20240102 18:19:10.044"/>
</kw>
<status status="PASS" starttime="20240102 18:19:09.254" endtime="20240102 18:19:10.044"/>
</iter>
<iter>
<var name="${element}">4</var>
<kw name="Read Excel Cell" library="ExcelLibrary">
<var>${username}</var>
<arg>${element}</arg>
<arg>1</arg>
<doc>Returns content of a cell.</doc>
<msg timestamp="20240102 18:19:10.044" level="INFO">${username} = performance_glitch_user</msg>
<status status="PASS" starttime="20240102 18:19:10.044" endtime="20240102 18:19:10.044"/>
</kw>
<kw name="Read Excel Cell" library="ExcelLibrary">
<var>${password}</var>
<arg>${element}</arg>
<arg>2</arg>
<doc>Returns content of a cell.</doc>
<msg timestamp="20240102 18:19:10.044" level="INFO">${password} = secret_sauce</msg>
<status status="PASS" starttime="20240102 18:19:10.044" endtime="20240102 18:19:10.044"/>
</kw>
<kw name="Log" library="BuiltIn">
<arg>${element}</arg>
<doc>Logs the given message with the given level.</doc>
<msg timestamp="20240102 18:19:10.044" level="INFO">4</msg>
<status status="PASS" starttime="20240102 18:19:10.044" endtime="20240102 18:19:10.044"/>
</kw>
<kw name="Input Text" library="SeleniumLibrary">
<arg>//input[@placeholder="Username"]</arg>
<arg>${username}</arg>
<doc>Types the given ``text`` into the text field identified by ``locator``.</doc>
<msg timestamp="20240102 18:19:10.044" level="INFO">Typing text 'performance_glitch_user' into text field '//input[@placeholder="Username"]'.</msg>
<status status="PASS" starttime="20240102 18:19:10.044" endtime="20240102 18:19:10.437"/>
</kw>
<kw name="Input Password" library="SeleniumLibrary">
<arg>//input[@placeholder="Password"]</arg>
<arg>${password}</arg>
<doc>Types the given password into the text field identified by ``locator``.</doc>
<msg timestamp="20240102 18:19:10.441" level="INFO">Typing password into text field '//input[@placeholder="Password"]'.</msg>
<msg timestamp="20240102 18:19:10.526" level="INFO">Temporally setting log level to: NONE</msg>
<msg timestamp="20240102 18:19:10.652" level="INFO">Log level changed from NONE to INFO.</msg>
<status status="PASS" starttime="20240102 18:19:10.437" endtime="20240102 18:19:10.652"/>
</kw>
<kw name="Click Button" library="SeleniumLibrary">
<arg>//input[@id="login-button"]</arg>
<doc>Clicks the button identified by ``locator``.</doc>
<msg timestamp="20240102 18:19:10.659" level="INFO">Clicking button '//input[@id="login-button"]'.</msg>
<status status="PASS" starttime="20240102 18:19:10.652" endtime="20240102 18:19:15.791"/>
</kw>
<kw name="Execute Javascript" library="SeleniumLibrary">
<arg>window.open('https://www.saucedemo.com/')</arg>
<doc>Executes the given JavaScript code with possible arguments.</doc>
<msg timestamp="20240102 18:19:15.793" level="INFO">Executing JavaScript:
window.open('https://www.saucedemo.com/')
Without any arguments.</msg>
<status status="PASS" starttime="20240102 18:19:15.793" endtime="20240102 18:19:15.862"/>
</kw>
<kw name="Switch Window" library="SeleniumLibrary">
<arg>New</arg>
<doc>Switches to browser window matching ``locator``.</doc>
<status status="PASS" starttime="20240102 18:19:15.862" endtime="20240102 18:19:15.953"/>
</kw>
<status status="PASS" starttime="20240102 18:19:10.044" endtime="20240102 18:19:15.953"/>
</iter>
<status status="PASS" starttime="20240102 18:19:07.152" endtime="20240102 18:19:15.953"/>
</for>
<status status="PASS" starttime="20240102 18:19:03.464" endtime="20240102 18:19:15.963"/>
</test>
<status status="PASS" starttime="20240102 18:19:02.300" endtime="20240102 18:19:15.967"/>
</suite>
<statistics>
<total>
<stat pass="1" fail="0" skip="0">All Tests</stat>
</total>
<tag>
</tag>
<suite>
<stat pass="1" fail="0" skip="0" id="s1" name="Excel">Excel</stat>
</suite>
</statistics>
<errors>
</errors>
</robot>
