<?xml version="1.0" encoding="UTF-8"?>
<robot generator="Robot 6.1.1 (Python 3.9.11 on win32)" generated="20240105 17:21:05.362" rpa="false" schemaversion="4">
<suite id="s1" name="Newews" source="c:\Users\Archimedis Digital\Robot Framework\newews.robot">
<test id="s1-t1" name="Browser should be opened" line="6">
<kw name="Open Browser" library="SeleniumLibrary">
<arg>https://www.flipkart.com/</arg>
<arg>chrome</arg>
<doc>Opens a new browser instance to the optional ``url``.</doc>
<msg timestamp="20240105 17:21:05.564" level="INFO">Opening browser 'chrome' to base url 'https://www.flipkart.com/'.</msg>
<status status="PASS" starttime="20240105 17:21:05.564" endtime="20240105 17:21:09.112"/>
</kw>
<kw name="Maximize Browser Window" library="SeleniumLibrary">
<doc>Maximizes current browser window.</doc>
<status status="PASS" starttime="20240105 17:21:09.112" endtime="20240105 17:21:09.247"/>
</kw>
<kw name="Input Text" library="SeleniumLibrary">
<arg>${searchproduct}</arg>
<arg>stationery</arg>
<doc>Types the given ``text`` into the text field identified by ``locator``.</doc>
<msg timestamp="20240105 17:21:09.249" level="INFO">Typing text 'stationery' into text field '//input[@title="Search for Products, Brands and More"]'.</msg>
<status status="PASS" starttime="20240105 17:21:09.248" endtime="20240105 17:21:09.709"/>
</kw>
<kw name="Sleep" library="BuiltIn">
<arg>4</arg>
<doc>Pauses the test executed for the given time.</doc>
<msg timestamp="20240105 17:21:13.724" level="INFO">Slept 4 seconds</msg>
<status status="PASS" starttime="20240105 17:21:09.710" endtime="20240105 17:21:13.725"/>
</kw>
<kw name="Press Keys" library="SeleniumLibrary">
<arg>${searchproduct}</arg>
<arg>ENTER</arg>
<doc>Simulates the user pressing key(s) to an element or on the active browser.</doc>
<msg timestamp="20240105 17:21:13.730" level="INFO">Sending key(s) ('ENTER',) to //input[@title="Search for Products, Brands and More"] element.</msg>
<msg timestamp="20240105 17:21:14.048" level="INFO">Pressing special key ENTER to element.</msg>
<msg timestamp="20240105 17:21:14.049" level="INFO">Releasing special key ENTER.</msg>
<status status="PASS" starttime="20240105 17:21:13.727" endtime="20240105 17:21:15.495"/>
</kw>
<kw name="Get Window Handles" library="SeleniumLibrary">
<doc>Returns all child window handles of the selected browser as a list.</doc>
<status status="PASS" starttime="20240105 17:21:15.496" endtime="20240105 17:21:15.502"/>
</kw>
<kw name="Wait Until Page Contains Element" library="SeleniumLibrary">
<arg>${next_product}</arg>
<doc>Waits until the element ``locator`` appears on the current page.</doc>
<status status="PASS" starttime="20240105 17:21:15.506" endtime="20240105 17:21:15.563"/>
</kw>
<kw name="Click Element" library="SeleniumLibrary">
<arg>${next_product}</arg>
<doc>Click the element identified by ``locator``.</doc>
<msg timestamp="20240105 17:21:15.565" level="INFO">Clicking element '(//a[contains (text(),'Nutshell Vibrant Colors Fluorescent Paper 400 Sheets 3 ...')])[1]'.</msg>
<status status="PASS" starttime="20240105 17:21:15.564" endtime="20240105 17:21:15.765"/>
</kw>
<kw name="Switch Window" library="SeleniumLibrary">
<arg>NEW</arg>
<doc>Switches to browser window matching ``locator``.</doc>
<status status="PASS" starttime="20240105 17:21:15.766" endtime="20240105 17:21:15.785"/>
</kw>
<kw name="Sleep" library="BuiltIn">
<arg>5</arg>
<doc>Pauses the test executed for the given time.</doc>
<msg timestamp="20240105 17:21:20.802" level="INFO">Slept 5 seconds</msg>
<status status="PASS" starttime="20240105 17:21:15.787" endtime="20240105 17:21:20.803"/>
</kw>
<kw name="Execute Javascript" library="SeleniumLibrary">
<arg>document.body.style.zoom="95%"</arg>
<doc>Executes the given JavaScript code with possible arguments.</doc>
<msg timestamp="20240105 17:21:20.808" level="INFO">Executing JavaScript:
document.body.style.zoom="95%"
Without any arguments.</msg>
<status status="PASS" starttime="20240105 17:21:20.805" endtime="20240105 17:21:20.951"/>
</kw>
<kw name="Set Window Size" library="SeleniumLibrary">
<arg>1200</arg>
<arg>800</arg>
<doc>Sets current windows size to given ``width`` and ``height``.</doc>
<status status="PASS" starttime="20240105 17:21:20.954" endtime="20240105 17:21:21.213"/>
</kw>
<kw name="Wait Until Element Is Visible" library="SeleniumLibrary">
<arg>${addtocart}</arg>
<doc>Waits until the element ``locator`` is visible.</doc>
<status status="PASS" starttime="20240105 17:21:21.215" endtime="20240105 17:21:21.306"/>
</kw>
<kw name="Click Element" library="SeleniumLibrary">
<arg>${addtocart}</arg>
<doc>Click the element identified by ``locator``.</doc>
<msg timestamp="20240105 17:21:21.310" level="INFO">Clicking element '//button[@class="_2KpZ6l _2U9uOA _3v1-ww"]'.</msg>
<status status="PASS" starttime="20240105 17:21:21.307" endtime="20240105 17:21:21.427"/>
</kw>
<kw name="Maximize Browser Window" library="SeleniumLibrary">
<doc>Maximizes current browser window.</doc>
<status status="PASS" starttime="20240105 17:21:21.430" endtime="20240105 17:21:21.617"/>
</kw>
<kw name="Sleep" library="BuiltIn">
<arg>2</arg>
<doc>Pauses the test executed for the given time.</doc>
<msg timestamp="20240105 17:21:23.624" level="INFO">Slept 2 seconds</msg>
<status status="PASS" starttime="20240105 17:21:21.619" endtime="20240105 17:21:23.624"/>
</kw>
<kw name="Execute Javascript" library="SeleniumLibrary">
<arg>window.scrollTo(0, document.body.scrollHeight)</arg>
<doc>Executes the given JavaScript code with possible arguments.</doc>
<msg timestamp="20240105 17:21:23.629" level="INFO">Executing JavaScript:
window.scrollTo(0, document.body.scrollHeight)
Without any arguments.</msg>
<status status="PASS" starttime="20240105 17:21:23.627" endtime="20240105 17:21:23.651"/>
</kw>
<kw name="Sleep" library="BuiltIn">
<arg>5</arg>
<doc>Pauses the test executed for the given time.</doc>
<msg timestamp="20240105 17:21:28.657" level="INFO">Slept 5 seconds</msg>
<status status="PASS" starttime="20240105 17:21:23.654" endtime="20240105 17:21:28.658"/>
</kw>
<kw name="Run Keyword If" library="BuiltIn">
<arg>not</arg>
<arg>${element_clicked}</arg>
<doc>Runs the given keyword with the given arguments, if ``condition`` is true.</doc>
<msg timestamp="20240105 17:21:28.658" level="FAIL">Evaluating expression 'not' failed: SyntaxError: unexpected EOF while parsing (&lt;string&gt;, line 1)</msg>
<status status="FAIL" starttime="20240105 17:21:28.658" endtime="20240105 17:21:28.658"/>
</kw>
<kw name="Click Element" library="SeleniumLibrary">
<arg>${validate}</arg>
<doc>Click the element identified by ``locator``.</doc>
<status status="NOT RUN" starttime="20240105 17:21:28.658" endtime="20240105 17:21:28.658"/>
</kw>
<kw name="Set Suite Variable" library="BuiltIn">
<arg>${element_clicked}</arg>
<arg>${True}</arg>
<doc>Makes a variable available everywhere within the scope of the current suite.</doc>
<status status="NOT RUN" starttime="20240105 17:21:28.673" endtime="20240105 17:21:28.673"/>
</kw>
<kw name="Sleep" library="BuiltIn">
<arg>5</arg>
<doc>Pauses the test executed for the given time.</doc>
<status status="NOT RUN" starttime="20240105 17:21:28.673" endtime="20240105 17:21:28.673"/>
</kw>
<kw name="Click Element" library="SeleniumLibrary">
<arg>${remove}</arg>
<doc>Click the element identified by ``locator``.</doc>
<status status="NOT RUN" starttime="20240105 17:21:28.682" endtime="20240105 17:21:28.682"/>
</kw>
<status status="FAIL" starttime="20240105 17:21:05.564" endtime="20240105 17:21:28.682">Evaluating expression 'not' failed: SyntaxError: unexpected EOF while parsing (&lt;string&gt;, line 1)</status>
</test>
<status status="FAIL" starttime="20240105 17:21:05.371" endtime="20240105 17:21:28.690"/>
</suite>
<statistics>
<total>
<stat pass="0" fail="1" skip="0">All Tests</stat>
</total>
<tag>
</tag>
<suite>
<stat pass="0" fail="1" skip="0" id="s1" name="Newews">Newews</stat>
</suite>
</statistics>
<errors>
</errors>
</robot>
