<?xml version="1.0" encoding="UTF-8"?>
<robot generator="Robot 6.1.1 (Python 3.9.11 on win32)" generated="20231228 18:34:07.887" rpa="false" schemaversion="4">
<suite id="s1" name="Globalsqa Postman" source="c:\Users\Archimedis Digital\Robot Framework\api postman\globalsqa_postman.robot">
<test id="s1-t1" name="Global SQA" line="32">
<kw name="Global SQA CheatSheets">
<kw name="Open Browser" library="SeleniumLibrary">
<arg>https://www.globalsqa.com/cheatsheets/</arg>
<doc>Opens a new browser instance to the optional ``url``.</doc>
<msg timestamp="20231228 18:34:08.272" level="INFO">Opening browser 'firefox' to base url 'https://www.globalsqa.com/cheatsheets/'.</msg>
<status status="PASS" starttime="20231228 18:34:08.272" endtime="20231228 18:34:17.039"/>
</kw>
<kw name="Maximize Browser Window" library="SeleniumLibrary">
<doc>Maximizes current browser window.</doc>
<status status="PASS" starttime="20231228 18:34:17.040" endtime="20231228 18:34:17.053"/>
</kw>
<for flavor="IN">
<var>${element}</var>
<value>@{a}</value>
<iter>
<var name="${element}">(//a[contains (text(), 'Home')])[1]</var>
<kw name="Wait Until Page Contains Element" library="SeleniumLibrary">
<arg>${element}</arg>
<doc>Waits until the element ``locator`` appears on the current page.</doc>
<status status="PASS" starttime="20231228 18:34:17.055" endtime="20231228 18:34:17.128"/>
</kw>
<kw name="Click Element" library="SeleniumLibrary">
<arg>${element}</arg>
<doc>Click the element identified by ``locator``.</doc>
<msg timestamp="20231228 18:34:17.130" level="INFO">Clicking element '(//a[contains (text(), 'Home')])[1]'.</msg>
<status status="PASS" starttime="20231228 18:34:17.129" endtime="20231228 18:34:18.262"/>
</kw>
<status status="PASS" starttime="20231228 18:34:17.054" endtime="20231228 18:34:18.262"/>
</iter>
<iter>
<var name="${element}">(//a[contains (text(), 'CheatSheets')])[1]</var>
<kw name="Wait Until Page Contains Element" library="SeleniumLibrary">
<arg>${element}</arg>
<doc>Waits until the element ``locator`` appears on the current page.</doc>
<status status="PASS" starttime="20231228 18:34:18.263" endtime="20231228 18:34:18.290"/>
</kw>
<kw name="Click Element" library="SeleniumLibrary">
<arg>${element}</arg>
<doc>Click the element identified by ``locator``.</doc>
<msg timestamp="20231228 18:34:18.296" level="INFO">Clicking element '(//a[contains (text(), 'CheatSheets')])[1]'.</msg>
<status status="PASS" starttime="20231228 18:34:18.291" endtime="20231228 18:34:19.767"/>
</kw>
<status status="PASS" starttime="20231228 18:34:18.263" endtime="20231228 18:34:19.767"/>
</iter>
<status status="PASS" starttime="20231228 18:34:17.054" endtime="20231228 18:34:19.768"/>
</for>
<kw name="Mouse Over" library="SeleniumLibrary">
<arg>(//a[@class="no_border"])[1]</arg>
<doc>Simulates hovering the mouse over the element ``locator``.</doc>
<msg timestamp="20231228 18:34:19.770" level="INFO">Simulating Mouse Over on element '(//a[@class="no_border"])[1]'.</msg>
<status status="PASS" starttime="20231228 18:34:19.769" endtime="20231228 18:34:20.077"/>
</kw>
<kw name="Mouse Over" library="SeleniumLibrary">
<arg>(//a[@class="no_border"])[2]</arg>
<doc>Simulates hovering the mouse over the element ``locator``.</doc>
<msg timestamp="20231228 18:34:20.079" level="INFO">Simulating Mouse Over on element '(//a[@class="no_border"])[2]'.</msg>
<status status="PASS" starttime="20231228 18:34:20.078" endtime="20231228 18:34:20.405"/>
</kw>
<kw name="Close Browser" library="SeleniumLibrary">
<doc>Closes the current browser.</doc>
<status status="PASS" starttime="20231228 18:34:20.406" endtime="20231228 18:34:23.632"/>
</kw>
<status status="PASS" starttime="20231228 18:34:08.272" endtime="20231228 18:34:23.632"/>
</kw>
<kw name="API request">
<kw name="Create Session" library="RequestsLibrary">
<arg>mysession</arg>
<arg>${baseUrl}</arg>
<doc>Create Session: create a HTTP session to a server</doc>
<msg timestamp="20231228 18:34:23.632" level="INFO">Creating Session using : alias=mysession, url=https://www.globalsqa.com/, headers={},                     cookies={}, auth=None, timeout=None, proxies=None, verify=False,                     debug=0 </msg>
<status status="PASS" starttime="20231228 18:34:23.632" endtime="20231228 18:34:23.632"/>
</kw>
<kw name="POST On Session" library="RequestsLibrary">
<var>${post}</var>
<arg>mysession</arg>
<arg>/cheatsheets</arg>
<arg>json=${HEADERS}</arg>
<doc>Sends a POST request on a previously created HTTP Session.</doc>
<msg timestamp="20231228 18:34:26.409" level="INFO">POST Request : url=https://www.globalsqa.com/cheatsheets 
 path_url=/cheatsheets 
 headers={'User-Agent': 'python-requests/2.31.0', 'Accept-Encoding': 'gzip, deflate', 'Accept': '*/*', 'Connection': 'keep-alive', 'Content-Length': '31', 'Content-Type': 'application/json'} 
 body=b'"Content-Type=application/json"' 
 </msg>
<msg timestamp="20231228 18:34:26.409" level="INFO">POST Response : url=https://www.globalsqa.com/cheatsheets 
 status=200, reason=OK 
 headers={'Date': 'Thu, 28 Dec 2023 13:04:26 GMT', 'Content-Type': 'text/html; charset=UTF-8', 'Transfer-Encoding': 'chunked', 'Connection': 'keep-alive', 'link': '&lt;https://www.globalsqa.com/wp-json/&gt;; rel="https://api.w.org/", &lt;https://www.globalsqa.com/wp-json/wp/v2/pages/6881&gt;; rel="alternate"; type="application/json", &lt;https://wp.me/P7B4Kk-1MZ&gt;; rel=shortlink', 'x-litespeed-cache-control': 'no-cache', 'Cache-Control': 'public, max-age=3600', 'expires': 'Thu, 28 Dec 2023 14:04:26 GMT', 'vary': 'Accept-Encoding', 'referrer-policy': 'no-referrer-when-downgrade', 'x-turbo-charged-by': 'LiteSpeed', 'CF-Cache-Status': 'DYNAMIC', 'Report-To': '{"endpoints":[{"url":"https:\\/\\/a.nel.cloudflare.com\\/report\\/v3?s=bpz6P3McVIHAQoVbnFcN75LTsTmDNYq88z6uOURpgKoEVzfzA%2BpcV7IBFT7DZfUtnRu9ybgQrPArjgd%2BlR85lkSXRSDxB3gHdL3UovWdZ23sx5N6wG28TolwXRH3uBeDgjd%2Bmg%3D%3D"}],"group":"cf-nel","max_age":604800}', 'NEL': '{"success_fraction":0,"report_to":"cf-nel","max_age":604800}', 'Server': 'cloudflare', 'CF-RAY': '83ca02465ddd178f-MAA', 'Content-Encoding': 'gzip'} 
 body=&lt;!DOCTYPE html&gt;
&lt;!--[if IE 7]&gt;
&lt;html class="ie ie7" lang="en-US"&gt;
&lt;![endif]--&gt;
&lt;!--[if IE 8]&gt;
&lt;html class="ie ie8" lang="en-US"&gt;
&lt;![endif]--&gt;
&lt;!--[if !(IE 7) | !(IE 8)  ]&gt;&lt;!--&gt;
&lt;html lang="en-US"&gt;
&lt;!--&lt;![endif]--&gt;
&lt;head&gt;
    &lt;script data-ad-client="ca-pub-2878895907861435" async src="https://pagead2.googlesyndication.com/pagead/js/adsbygoogle.js"&gt;&lt;/script&gt;

	&lt;!-- Basic Page Needs
  ================================================== --&gt;
	&lt;meta charset="UTF-8"&gt;
	
		&lt;title&gt;List Of CheatSheets - GlobalSQA&lt;/title&gt;

	
	&lt;meta property="fb:pages" content="236742729828534" /&gt;


	&lt;!-- Mobile Specific Metas
	================================================== --&gt;
			&lt;meta name="viewport" content="width=device-width, initial-scale=1, maximum-scale=1"&gt;
		

	&lt;!-- Favicons
	================================================== --&gt;
	&lt;link rel="icon" type="image/x-icon" href="https://www.globalsqa.com/wp-content/themes/Savia/images/favicon.png"&gt;		
		
	&lt;meta name='robots' content='max-image-preview:large' /&gt;

	&lt;!-- This site is optimized with the Yoast SEO plugin v14.3 - https://yoast.com/wordpress/plugins/seo/ --&gt;
	&lt;title&gt;Cheatsheets for Python, SQL, ML, AI, GIT, VIM, Bash - GlobalSQA&lt;/title&gt;
	&lt;meta name="description" content="Access and download cheatsheets for Python, SQL, ML, AI, GIT, VIM, Bash, Deep Learning, Data Science, Visualization, Probabilities" /&gt;
	&lt;meta name="robots" content="index, follow" /&gt;
	&lt;meta name="googlebot" content="index, follow, max-snippet:-1, max-image-preview:large, max-video-preview:-1" /&gt;
	&lt;meta name="bingbot" content="index, follow, max-snippet:-1, max-image-preview:large, max-video-preview:-1" /&gt;
	&lt;link rel="canonical" href="https://www.globalsqa.com/cheatsheets/" /&gt;
	&lt;meta property="og:locale" content="en_US" /&gt;
	&lt;meta property="og:type" content="article" /&gt;
	&lt;meta property="og:title" content="Cheatsheets for Python, SQL, ML, AI, GIT, VIM, Bash - GlobalSQA" /&gt;
	&lt;meta property="og:description" content="Access and download cheatsheets for Python, SQL, ML, AI, GIT, VIM, Bash, Deep Learning, Data Science, Visualization, Probabilities" /&gt;
	&lt;meta property="og:url" content="https://www.globalsqa.com/cheatsheets/" /&gt;
	&lt;meta property="og:site_name" content="GlobalSQA" /&gt;
	&lt;meta property="article:publisher" content="http://facebook.com/globalsqa" /&gt;
	&lt;meta property="article:modified_time" content="2020-06-14T04:28:42+00:00" /&gt;
	&lt;meta property="og:image" content="https://i2.wp.com/www.globalsqa.com/wp-content/uploads/2020/06/Cheatsheets.jpg?fit=1024%2C641&amp;#038;ssl=1" /&gt;
	&lt;meta property="og:image:width" content="1024" /&gt;
	&lt;meta property="og:image:height" content="641" /&gt;
	&lt;meta name="twitter:card" content="summary_large_image" /&gt;
	&lt;meta name="twitter:creator" content="@Global_SQA" /&gt;
	&lt;meta name="twitter:site" content="@Global_SQA" /&gt;
	&lt;script type="application/ld+json" class="yoast-schema-graph"&gt;{"@context":"https://schema.org","@graph":[{"@type":"Organization","@id":"https://www.globalsqa.com/#organization","name":"GlobalSQA","url":"https://www.globalsqa.com/","sameAs":["http://facebook.com/globalsqa","https://www.instagram.com/globalsqa/","https://www.linkedin.com/company/globalsqa","https://www.youtube.com/channel/UC6mey8Dj38IN6udLS73bO7w","https://in.pinterest.com/globalsqa/","https://twitter.com/Global_SQA"],"logo":{"@type":"ImageObject","@id":"https://www.globalsqa.com/#logo","inLanguage":"en-US","url":"https://i0.wp.com/www.globalsqa.com/wp-content/uploads/2016/05/FB_Logo-3.png?fit=200%2C125&amp;ssl=1","width":200,"height":125,"caption":"GlobalSQA"},"image":{"@id":"https://www.globalsqa.com/#logo"}},{"@type":"WebSite","@id":"https://www.globalsqa.com/#website","url":"https://www.globalsqa.com/","name":"GlobalSQA","description":"","publisher":{"@id":"https://www.globalsqa.com/#organization"},"potentialAction":[{"@type":"SearchAction","target":"https://www.globalsqa.com/?s={search_term_string}","query-input":"required name=search_term_string"}],"inLanguage":"en-US"},{"@type":"ImageObject","@id":"https://www.globalsqa.com/cheatsheets/#primaryimage","inLanguage":"en-US","url":"https://i2.wp.com/www.globalsqa.com/wp-content/uploads/2020/06/Cheatsheets.jpg?fit=1024%2C641&amp;ssl=1","width":1024,"height":641,"caption":"Cheatsheets"},{"@type":"WebPage","@id":"https://www.globalsqa.com/cheatsheets/#webpage","url":"https://www.globalsqa.com/cheatsheets/","name":"Cheatsheets for Python, SQL, ML, AI, GIT, VIM, Bash - GlobalSQA","isPartOf":{"@id":"https://www.globalsqa.com/#website"},"primaryImageOfPage":{"@id":"https://www.globalsqa.com/cheatsheets/#primaryimage"},"datePublished":"2020-06-14T04:23:25+00:00","dateModified":"2020-06-14T04:28:42+00:00","description":"Access and download cheatsheets for Python, SQL, ML, AI, GIT, VIM, Bash, Deep Learning, Data Science, Visualization, Probabilities","inLanguage":"en-US","potentialAction":[{"@type":"ReadAction","target":["https://www.globalsqa.com/cheatsheets/"]}]}]}&lt;/script&gt;
	&lt;!-- / Yoast SEO plugin. --&gt;


&lt;link rel='dns-prefetch' href='//secure.gravatar.com' /&gt;
&lt;link rel='dns-prefetch' href='//fonts.googleapis.com' /&gt;
&lt;link rel='dns-prefetch' href='//cdn.jsdelivr.net' /&gt;
&lt;link rel="alternate" type="application/rss+xml" title="GlobalSQA &amp;raquo; Feed" href="https://www.globalsqa.com/feed/" /&gt;
&lt;link rel="alternate" type="application/rss+xml" title="GlobalSQA &amp;raquo; Comments Feed" href="https://www.globalsqa.com/comments/feed/" /&gt;
&lt;script type="text/javascript"&gt;
/* &lt;![CDATA[ */
window._wpemojiSettings = {"baseUrl":"https:\/\/s.w.org\/images\/core\/emoji\/14.0.0\/72x72\/","ext":".png","svgUrl":"https:\/\/s.w.org\/images\/core\/emoji\/14.0.0\/svg\/","svgExt":".svg","source":{"concatemoji":"https:\/\/www.globalsqa.com\/wp-includes\/js\/wp-emoji-release.min.js?ver=6.4.2"}};
/*! This file is auto-generated */
!function(i,n){var o,s,e;function c(e){try{var t={supportTests:e,timestamp:(new Date).valueOf()};sessionStorage.setItem(o,JSON.stringify(t))}catch(e){}}function p(e,t,n){e.clearRect(0,0,e.canvas.width,e.canvas.height),e.fillText(t,0,0);var t=new Uint32Array(e.getImageData(0,0,e.canvas.width,e.canvas.height).data),r=(e.clearRect(0,0,e.canvas.width,e.canvas.height),e.fillText(n,0,0),new Uint32Array(e.getImageData(0,0,e.canvas.width,e.canvas.height).data));return t.every(function(e,t){return e===r[t]})}function u(e,t,n){switch(t){case"flag":return n(e,"\ud83c\udff3\ufe0f\u200d\u26a7\ufe0f","\ud83c\udff3\ufe0f\u200b\u26a7\ufe0f")?!1:!n(e,"\ud83c\uddfa\ud83c\uddf3","\ud83c\uddfa\u200b\ud83c\uddf3")&amp;&amp;!n(e,"\ud83c\udff4\udb40\udc67\udb40\udc62\udb40\udc65\udb40\udc6e\udb40\udc67\udb40\udc7f","\ud83c\udff4\u200b\udb40\udc67\u200b\udb40\udc62\u200b\udb40\udc65\u200b\udb40\udc6e\u200b\udb40\udc67\u200b\udb40\udc7f");case"emoji":return!n(e,"\ud83e\udef1\ud83c\udffb\u200d\ud83e\udef2\ud83c\udfff","\ud83e\udef1\ud83c\udffb\u200b\ud83e\udef2\ud83c\udfff")}return!1}function f(e,t,n){var r="undefined"!=typeof WorkerGlobalScope&amp;&amp;self instanceof WorkerGlobalScope?new OffscreenCanvas(300,150):i.createElement("canvas"),a=r.getContext("2d",{willReadFrequently:!0}),o=(a.textBaseline="top",a.font="600 32px Arial",{});return e.forEach(function(e){o[e]=t(a,e,n)}),o}function t(e){var t=i.createElement("script");t.src=e,t.defer=!0,i.head.appendChild(t)}"undefined"!=typeof Promise&amp;&amp;(o="wpEmojiSettingsSupports",s=["flag","emoji"],n.supports={everything:!0,everythingExceptFlag:!0},e=new Promise(function(e){i.addEventListener("DOMContentLoaded",e,{once:!0})}),new Promise(function(t){var n=function(){try{var e=JSON.parse(sessionStorage.getItem(o));if("object"==typeof e&amp;&amp;"number"==typeof e.timestamp&amp;&amp;(new Date).valueOf()&lt;e.timestamp+604800&amp;&amp;"object"==typeof e.supportTests)return e.supportTests}catch(e){}return null}();if(!n){if("undefined"!=typeof Worker&amp;&amp;"undefined"!=typeof OffscreenCanvas&amp;&amp;"undefined"!=typeof URL&amp;&amp;URL.createObjectURL&amp;&amp;"undefined"!=typeof Blob)try{var e="postMessage("+f.toString()+"("+[JSON.stringify(s),u.toString(),p.toString()].join(",")+"));",r=new Blob([e],{type:"text/javascript"}),a=new Worker(URL.createObjectURL(r),{name:"wpTestEmojiSupports"});return void(a.onmessage=function(e){c(n=e.data),a.terminate(),t(n)})}catch(e){}c(n=f(s,u,p))}t(n)}).then(function(e){for(var t in e)n.supports[t]=e[t],n.supports.everything=n.supports.everything&amp;&amp;n.supports[t],"flag"!==t&amp;&amp;(n.supports.everythingExceptFlag=n.supports.everythingExceptFlag&amp;&amp;n.supports[t]);n.supports.everythingExceptFlag=n.supports.everythingExceptFlag&amp;&amp;!n.supports.flag,n.DOMReady=!1,n.readyCallback=function(){n.DOMReady=!0}}).then(function(){return e}).then(function(){var e;n.supports.everything||(n.readyCallback(),(e=n.source||{}).concatemoji?t(e.concatemoji):e.wpemoji&amp;&amp;e.twemoji&amp;&amp;(t(e.twemoji),t(e.wpemoji)))}))}((window,document),window._wpemojiSettings);
/* ]]&gt; */
&lt;/script&gt;
&lt;link rel='stylesheet' id='animate-plugin-css' href='https://www.globalsqa.com/wp-content/plugins/animate/stylesheets/app.css?ver=0.5' type='text/css' media='all' /&gt;
&lt;link rel='stylesheet' id='jeweltheme-jquery-ui-style-css' href='https://www.globalsqa.com/wp-content/plugins/wp-awesome-faq/jquery-ui.css?ver=6.4.2' type='text/css' media='all' /&gt;
&lt;link rel='stylesheet' id='dashicons-css' href='https://c0.wp.com/c/6.4.2/wp-includes/css/dashicons.min.css' type='text/css' media='all' /&gt;
&lt;link rel='stylesheet' id='crayon-css' href='https://www.globalsqa.com/wp-content/plugins/crayon-syntax-highlighter/css/min/crayon.min.css?ver=_2.7.2_beta' type='text/css' media='all' /&gt;
&lt;style id='wp-emoji-styles-inline-css' type='text/css'&gt;

	img.wp-smiley, img.emoji {
		display: inline !important;
		border: none !important;
		box-shadow: none !important;
		height: 1em !important;
		width: 1em !important;
		margin: 0 0.07em !important;
		vertical-align: -0.1em !important;
		background: none !important;
		padding: 0 !important;
	}
&lt;/style&gt;
&lt;link rel='stylesheet' id='wp-block-library-css' href='https://c0.wp.com/c/6.4.2/wp-includes/css/dist/block-library/style.min.css' type='text/css' media='all' /&gt;
&lt;style id='wp-block-library-inline-css' type='text/css'&gt;
.has-text-align-justify{text-... (set the log level to DEBUG or TRACE to see the full content) 
 </msg>
<msg timestamp="20231228 18:34:26.409" level="INFO">C:\Users\Archimedis Digital\AppData\Local\Programs\Python\Python39\lib\site-packages\urllib3\connectionpool.py:1095: InsecureRequestWarning: Unverified HTTPS request is being made to host 'www.globalsqa.com'. Adding certificate verification is strongly advised. See: https://urllib3.readthedocs.io/en/latest/advanced-usage.html#tls-warnings
  warnings.warn(</msg>
<msg timestamp="20231228 18:34:26.409" level="INFO">${post} = &lt;Response [200]&gt;</msg>
<status status="PASS" starttime="20231228 18:34:23.632" endtime="20231228 18:34:26.409"/>
</kw>
<kw name="Should Be Equal As Numbers" library="BuiltIn">
<arg>${post.status_code}</arg>
<arg>200</arg>
<doc>Fails if objects are unequal after converting them to real numbers.</doc>
<msg timestamp="20231228 18:34:26.409" level="INFO">Argument types are:
&lt;class 'int'&gt;
&lt;class 'str'&gt;</msg>
<status status="PASS" starttime="20231228 18:34:26.409" endtime="20231228 18:34:26.409"/>
</kw>
<kw name="Log" library="BuiltIn">
<arg>${post.text}</arg>
<doc>Logs the given message with the given level.</doc>
<msg timestamp="20231228 18:34:26.409" level="INFO">&lt;!DOCTYPE html&gt;
&lt;!--[if IE 7]&gt;
&lt;html class="ie ie7" lang="en-US"&gt;
&lt;![endif]--&gt;
&lt;!--[if IE 8]&gt;
&lt;html class="ie ie8" lang="en-US"&gt;
&lt;![endif]--&gt;
&lt;!--[if !(IE 7) | !(IE 8)  ]&gt;&lt;!--&gt;
&lt;html lang="en-US"&gt;
&lt;!--&lt;![endif]--&gt;
&lt;head&gt;
    &lt;script data-ad-client="ca-pub-2878895907861435" async src="https://pagead2.googlesyndication.com/pagead/js/adsbygoogle.js"&gt;&lt;/script&gt;

	&lt;!-- Basic Page Needs
  ================================================== --&gt;
	&lt;meta charset="UTF-8"&gt;
	
		&lt;title&gt;List Of CheatSheets - GlobalSQA&lt;/title&gt;

	
	&lt;meta property="fb:pages" content="236742729828534" /&gt;


	&lt;!-- Mobile Specific Metas
	================================================== --&gt;
			&lt;meta name="viewport" content="width=device-width, initial-scale=1, maximum-scale=1"&gt;
		

	&lt;!-- Favicons
	================================================== --&gt;
	&lt;link rel="icon" type="image/x-icon" href="https://www.globalsqa.com/wp-content/themes/Savia/images/favicon.png"&gt;		
		
	&lt;meta name='robots' content='max-image-preview:large' /&gt;

	&lt;!-- This site is optimized with the Yoast SEO plugin v14.3 - https://yoast.com/wordpress/plugins/seo/ --&gt;
	&lt;title&gt;Cheatsheets for Python, SQL, ML, AI, GIT, VIM, Bash - GlobalSQA&lt;/title&gt;
	&lt;meta name="description" content="Access and download cheatsheets for Python, SQL, ML, AI, GIT, VIM, Bash, Deep Learning, Data Science, Visualization, Probabilities" /&gt;
	&lt;meta name="robots" content="index, follow" /&gt;
	&lt;meta name="googlebot" content="index, follow, max-snippet:-1, max-image-preview:large, max-video-preview:-1" /&gt;
	&lt;meta name="bingbot" content="index, follow, max-snippet:-1, max-image-preview:large, max-video-preview:-1" /&gt;
	&lt;link rel="canonical" href="https://www.globalsqa.com/cheatsheets/" /&gt;
	&lt;meta property="og:locale" content="en_US" /&gt;
	&lt;meta property="og:type" content="article" /&gt;
	&lt;meta property="og:title" content="Cheatsheets for Python, SQL, ML, AI, GIT, VIM, Bash - GlobalSQA" /&gt;
	&lt;meta property="og:description" content="Access and download cheatsheets for Python, SQL, ML, AI, GIT, VIM, Bash, Deep Learning, Data Science, Visualization, Probabilities" /&gt;
	&lt;meta property="og:url" content="https://www.globalsqa.com/cheatsheets/" /&gt;
	&lt;meta property="og:site_name" content="GlobalSQA" /&gt;
	&lt;meta property="article:publisher" content="http://facebook.com/globalsqa" /&gt;
	&lt;meta property="article:modified_time" content="2020-06-14T04:28:42+00:00" /&gt;
	&lt;meta property="og:image" content="https://i2.wp.com/www.globalsqa.com/wp-content/uploads/2020/06/Cheatsheets.jpg?fit=1024%2C641&amp;#038;ssl=1" /&gt;
	&lt;meta property="og:image:width" content="1024" /&gt;
	&lt;meta property="og:image:height" content="641" /&gt;
	&lt;meta name="twitter:card" content="summary_large_image" /&gt;
	&lt;meta name="twitter:creator" content="@Global_SQA" /&gt;
	&lt;meta name="twitter:site" content="@Global_SQA" /&gt;
	&lt;script type="application/ld+json" class="yoast-schema-graph"&gt;{"@context":"https://schema.org","@graph":[{"@type":"Organization","@id":"https://www.globalsqa.com/#organization","name":"GlobalSQA","url":"https://www.globalsqa.com/","sameAs":["http://facebook.com/globalsqa","https://www.instagram.com/globalsqa/","https://www.linkedin.com/company/globalsqa","https://www.youtube.com/channel/UC6mey8Dj38IN6udLS73bO7w","https://in.pinterest.com/globalsqa/","https://twitter.com/Global_SQA"],"logo":{"@type":"ImageObject","@id":"https://www.globalsqa.com/#logo","inLanguage":"en-US","url":"https://i0.wp.com/www.globalsqa.com/wp-content/uploads/2016/05/FB_Logo-3.png?fit=200%2C125&amp;ssl=1","width":200,"height":125,"caption":"GlobalSQA"},"image":{"@id":"https://www.globalsqa.com/#logo"}},{"@type":"WebSite","@id":"https://www.globalsqa.com/#website","url":"https://www.globalsqa.com/","name":"GlobalSQA","description":"","publisher":{"@id":"https://www.globalsqa.com/#organization"},"potentialAction":[{"@type":"SearchAction","target":"https://www.globalsqa.com/?s={search_term_string}","query-input":"required name=search_term_string"}],"inLanguage":"en-US"},{"@type":"ImageObject","@id":"https://www.globalsqa.com/cheatsheets/#primaryimage","inLanguage":"en-US","url":"https://i2.wp.com/www.globalsqa.com/wp-content/uploads/2020/06/Cheatsheets.jpg?fit=1024%2C641&amp;ssl=1","width":1024,"height":641,"caption":"Cheatsheets"},{"@type":"WebPage","@id":"https://www.globalsqa.com/cheatsheets/#webpage","url":"https://www.globalsqa.com/cheatsheets/","name":"Cheatsheets for Python, SQL, ML, AI, GIT, VIM, Bash - GlobalSQA","isPartOf":{"@id":"https://www.globalsqa.com/#website"},"primaryImageOfPage":{"@id":"https://www.globalsqa.com/cheatsheets/#primaryimage"},"datePublished":"2020-06-14T04:23:25+00:00","dateModified":"2020-06-14T04:28:42+00:00","description":"Access and download cheatsheets for Python, SQL, ML, AI, GIT, VIM, Bash, Deep Learning, Data Science, Visualization, Probabilities","inLanguage":"en-US","potentialAction":[{"@type":"ReadAction","target":["https://www.globalsqa.com/cheatsheets/"]}]}]}&lt;/script&gt;
	&lt;!-- / Yoast SEO plugin. --&gt;


&lt;link rel='dns-prefetch' href='//secure.gravatar.com' /&gt;
&lt;link rel='dns-prefetch' href='//fonts.googleapis.com' /&gt;
&lt;link rel='dns-prefetch' href='//cdn.jsdelivr.net' /&gt;
&lt;link rel="alternate" type="application/rss+xml" title="GlobalSQA &amp;raquo; Feed" href="https://www.globalsqa.com/feed/" /&gt;
&lt;link rel="alternate" type="application/rss+xml" title="GlobalSQA &amp;raquo; Comments Feed" href="https://www.globalsqa.com/comments/feed/" /&gt;
&lt;script type="text/javascript"&gt;
/* &lt;![CDATA[ */
window._wpemojiSettings = {"baseUrl":"https:\/\/s.w.org\/images\/core\/emoji\/14.0.0\/72x72\/","ext":".png","svgUrl":"https:\/\/s.w.org\/images\/core\/emoji\/14.0.0\/svg\/","svgExt":".svg","source":{"concatemoji":"https:\/\/www.globalsqa.com\/wp-includes\/js\/wp-emoji-release.min.js?ver=6.4.2"}};
/*! This file is auto-generated */
!function(i,n){var o,s,e;function c(e){try{var t={supportTests:e,timestamp:(new Date).valueOf()};sessionStorage.setItem(o,JSON.stringify(t))}catch(e){}}function p(e,t,n){e.clearRect(0,0,e.canvas.width,e.canvas.height),e.fillText(t,0,0);var t=new Uint32Array(e.getImageData(0,0,e.canvas.width,e.canvas.height).data),r=(e.clearRect(0,0,e.canvas.width,e.canvas.height),e.fillText(n,0,0),new Uint32Array(e.getImageData(0,0,e.canvas.width,e.canvas.height).data));return t.every(function(e,t){return e===r[t]})}function u(e,t,n){switch(t){case"flag":return n(e,"\ud83c\udff3\ufe0f\u200d\u26a7\ufe0f","\ud83c\udff3\ufe0f\u200b\u26a7\ufe0f")?!1:!n(e,"\ud83c\uddfa\ud83c\uddf3","\ud83c\uddfa\u200b\ud83c\uddf3")&amp;&amp;!n(e,"\ud83c\udff4\udb40\udc67\udb40\udc62\udb40\udc65\udb40\udc6e\udb40\udc67\udb40\udc7f","\ud83c\udff4\u200b\udb40\udc67\u200b\udb40\udc62\u200b\udb40\udc65\u200b\udb40\udc6e\u200b\udb40\udc67\u200b\udb40\udc7f");case"emoji":return!n(e,"\ud83e\udef1\ud83c\udffb\u200d\ud83e\udef2\ud83c\udfff","\ud83e\udef1\ud83c\udffb\u200b\ud83e\udef2\ud83c\udfff")}return!1}function f(e,t,n){var r="undefined"!=typeof WorkerGlobalScope&amp;&amp;self instanceof WorkerGlobalScope?new OffscreenCanvas(300,150):i.createElement("canvas"),a=r.getContext("2d",{willReadFrequently:!0}),o=(a.textBaseline="top",a.font="600 32px Arial",{});return e.forEach(function(e){o[e]=t(a,e,n)}),o}function t(e){var t=i.createElement("script");t.src=e,t.defer=!0,i.head.appendChild(t)}"undefined"!=typeof Promise&amp;&amp;(o="wpEmojiSettingsSupports",s=["flag","emoji"],n.supports={everything:!0,everythingExceptFlag:!0},e=new Promise(function(e){i.addEventListener("DOMContentLoaded",e,{once:!0})}),new Promise(function(t){var n=function(){try{var e=JSON.parse(sessionStorage.getItem(o));if("object"==typeof e&amp;&amp;"number"==typeof e.timestamp&amp;&amp;(new Date).valueOf()&lt;e.timestamp+604800&amp;&amp;"object"==typeof e.supportTests)return e.supportTests}catch(e){}return null}();if(!n){if("undefined"!=typeof Worker&amp;&amp;"undefined"!=typeof OffscreenCanvas&amp;&amp;"undefined"!=typeof URL&amp;&amp;URL.createObjectURL&amp;&amp;"undefined"!=typeof Blob)try{var e="postMessage("+f.toString()+"("+[JSON.stringify(s),u.toString(),p.toString()].join(",")+"));",r=new Blob([e],{type:"text/javascript"}),a=new Worker(URL.createObjectURL(r),{name:"wpTestEmojiSupports"});return void(a.onmessage=function(e){c(n=e.data),a.terminate(),t(n)})}catch(e){}c(n=f(s,u,p))}t(n)}).then(function(e){for(var t in e)n.supports[t]=e[t],n.supports.everything=n.supports.everything&amp;&amp;n.supports[t],"flag"!==t&amp;&amp;(n.supports.everythingExceptFlag=n.supports.everythingExceptFlag&amp;&amp;n.supports[t]);n.supports.everythingExceptFlag=n.supports.everythingExceptFlag&amp;&amp;!n.supports.flag,n.DOMReady=!1,n.readyCallback=function(){n.DOMReady=!0}}).then(function(){return e}).then(function(){var e;n.supports.everything||(n.readyCallback(),(e=n.source||{}).concatemoji?t(e.concatemoji):e.wpemoji&amp;&amp;e.twemoji&amp;&amp;(t(e.twemoji),t(e.wpemoji)))}))}((window,document),window._wpemojiSettings);
/* ]]&gt; */
&lt;/script&gt;
&lt;link rel='stylesheet' id='animate-plugin-css' href='https://www.globalsqa.com/wp-content/plugins/animate/stylesheets/app.css?ver=0.5' type='text/css' media='all' /&gt;
&lt;link rel='stylesheet' id='jeweltheme-jquery-ui-style-css' href='https://www.globalsqa.com/wp-content/plugins/wp-awesome-faq/jquery-ui.css?ver=6.4.2' type='text/css' media='all' /&gt;
&lt;link rel='stylesheet' id='dashicons-css' href='https://c0.wp.com/c/6.4.2/wp-includes/css/dashicons.min.css' type='text/css' media='all' /&gt;
&lt;link rel='stylesheet' id='crayon-css' href='https://www.globalsqa.com/wp-content/plugins/crayon-syntax-highlighter/css/min/crayon.min.css?ver=_2.7.2_beta' type='text/css' media='all' /&gt;
&lt;style id='wp-emoji-styles-inline-css' type='text/css'&gt;

	img.wp-smiley, img.emoji {
		display: inline !important;
		border: none !important;
		box-shadow: none !important;
		height: 1em !important;
		width: 1em !important;
		margin: 0 0.07em !important;
		vertical-align: -0.1em !important;
		background: none !important;
		padding: 0 !important;
	}
&lt;/style&gt;
&lt;link rel='stylesheet' id='wp-block-library-css' href='https://c0.wp.com/c/6.4.2/wp-includes/css/dist/block-library/style.min.css' type='text/css' media='all' /&gt;
&lt;style id='wp-block-library-inline-css' type='text/css'&gt;
.has-text-align-justify{text-align:justify;}
&lt;/style&gt;
&lt;style id='classic-theme-styles-inline-css' type='text/css'&gt;
/*! This file is auto-generated */
.wp-block-button__link{color:#fff;background-color:#32373c;border-radius:9999px;box-shadow:none;text-decoration:none;padding:calc(.667em + 2px) calc(1.333em + 2px);font-size:1.125em}.wp-block-file__button{background:#32373c;color:#fff;text-decoration:none}
&lt;/style&gt;
&lt;style id='global-styles-inline-css' type='text/css'&gt;
body{--wp--preset--color--black: #000000;--wp--preset--color--cyan-bluish-gray: #abb8c3;--wp--preset--color--white: #ffffff;--wp--preset--color--pale-pink: #f78da7;--wp--preset--color--vivid-red: #cf2e2e;--wp--preset--color--luminous-vivid-orange: #ff6900;--wp--preset--color--luminous-vivid-amber: #fcb900;--wp--preset--color--light-green-cyan: #7bdcb5;--wp--preset--color--vivid-green-cyan: #00d084;--wp--preset--color--pale-cyan-blue: #8ed1fc;--wp--preset--color--vivid-cyan-blue: #0693e3;--wp--preset--color--vivid-purple: #9b51e0;--wp--preset--gradient--vivid-cyan-blue-to-vivid-purple: linear-gradient(135deg,rgba(6,147,227,1) 0%,rgb(155,81,224) 100%);--wp--preset--gradient--light-green-cyan-to-vivid-green-cyan: linear-gradient(135deg,rgb(122,220,180) 0%,rgb(0,208,130) 100%);--wp--preset--gradient--luminous-vivid-amber-to-luminous-vivid-orange: linear-gradient(135deg,rgba(252,185,0,1) 0%,rgba(255,105,0,1) 100%);--wp--preset--gradient--luminous-vivid-orange-to-vivid-red: linear-gradient(135deg,rgba(255,105,0,1) 0%,rgb(207,46,46) 100%);--wp--preset--gradient--very-light-gray-to-cyan-bluish-gray: linear-gradient(135deg,rgb(238,238,238) 0%,rgb(169,184,195) 100%);--wp--preset--gradient--cool-to-warm-spectrum: linear-gradient(135deg,rgb(74,234,220) 0%,rgb(151,120,209) 20%,rgb(207,42,186) 40%,rgb(238,44,130) 60%,rgb(251,105,98) 80%,rgb(254,248,76) 100%);--wp--preset--gradient--blush-light-purple: linear-gradient(135deg,rgb(255,206,236) 0%,rgb(152,150,240) 100%);--wp--preset--gradient--blush-bordeaux: linear-gradient(135deg,rgb(254,205,165) 0%,rgb(254,45,45) 50%,rgb(107,0,62) 100%);--wp--preset--gradient--luminous-dusk: linear-gradient(135deg,rgb(255,203,112) 0%,rgb(199,81,192) 50%,rgb(65,88,208) 100%);--wp--preset--gradient--pale-ocean: linear-gradient(135deg,rgb(255,245,203) 0%,rgb(182,227,212) 50%,rgb(51,167,181) 100%);--wp--preset--gradient--electric-grass: linear-gradient(135deg,rgb(202,248,128) 0%,rgb(113,206,126) 100%);--wp--preset--gradient--midnight: linear-gradient(135deg,rgb(2,3,129) 0%,rgb(40,116,252) 100%);--wp--preset--font-size--small: 13px;--wp--preset--font-size--medium: 20px;--wp--preset--font-size--large: 36px;--wp--preset--font-size--x-large: 42px;--wp--preset--spacing--20: 0.44rem;--wp--preset--spacing--30: 0.67rem;--wp--preset--spacing--40: 1rem;--wp--preset--spacing--50: 1.5rem;--wp--preset--spacing--60: 2.25rem;--wp--preset--spacing--70: 3.38rem;--wp--preset--spacing--80: 5.06rem;--wp--preset--shadow--natural: 6px 6px 9px rgba(0, 0, 0, 0.2);--wp--preset--shadow--deep: 12px 12px 50px rgba(0, 0, 0, 0.4);--wp--preset--shadow--sharp: 6px 6px 0px rgba(0, 0, 0, 0.2);--wp--preset--shadow--outlined: 6px 6px 0px -3px rgba(255, 255, 255, 1), 6px 6px rgba(0, 0, 0, 1);--wp--preset--shadow--crisp: 6px 6px 0px rgba(0, 0, 0, 1);}:where(.is-layout-flex){gap: 0.5em;}:where(.is-layout-grid){gap: 0.5em;}body .is-layout-flow &gt; .alignleft{float: left;margin-inline-start: 0;margin-inline-end: 2em;}body .is-layout-flow &gt; .alignright{float: right;margin-inline-start: 2em;margin-inline-end: 0;}body .is-layout-flow &gt; .aligncenter{margin-left: auto !important;margin-right: auto !important;}body .is-layout-constrained &gt; .alignleft{float: left;margin-inline-start: 0;margin-inline-end: 2em;}body .is-layout-constrained &gt; .alignright{float: right;margin-inline-start: 2em;margin-inline-end: 0;}body .is-layout-constrained &gt; .aligncenter{margin-left: auto !important;margin-right: auto !important;}body .is-layout-constrained &gt; :where(:not(.alignleft):not(.alignright):not(.alignfull)){max-width: var(--wp--style--global--content-size);margin-left: auto !important;margin-right: auto !important;}body .is-layout-constrained &gt; .alignwide{max-width: var(--wp--style--global--wide-size);}body .is-layout-flex{display: flex;}body .is-layout-flex{flex-wrap: wrap;align-items: center;}body .is-layout-flex &gt; *{margin: 0;}body .is-layout-grid{display: grid;}body .is-layout-grid &gt; *{margin: 0;}:where(.wp-block-columns.is-layout-flex){gap: 2em;}:where(.wp-block-columns.is-layout-grid){gap: 2em;}:where(.wp-block-post-template.is-layout-flex){gap: 1.25em;}:where(.wp-block-post-template.is-layout-grid){gap: 1.25em;}.has-black-color{color: var(--wp--preset--color--black) !important;}.has-cyan-bluish-gray-color{color: var(--wp--preset--color--cyan-bluish-gray) !important;}.has-white-color{color: var(--wp--preset--color--white) !important;}.has-pale-pink-color{color: var(--wp--preset--color--pale-pink) !important;}.has-vivid-red-color{color: var(--wp--preset--color--vivid-red) !important;}.has-luminous-vivid-orange-color{color: var(--wp--preset--color--luminous-vivid-orange) !important;}.has-luminous-vivid-amber-color{color: var(--wp--preset--color--luminous-vivid-amber) !important;}.has-light-green-cyan-color{color: var(--wp--preset--color--light-green-cyan) !important;}.has-vivid-green-cyan-color{color: var(--wp--preset--color--vivid-green-cyan) !important;}.has-pale-cyan-blue-color{color: var(--wp--preset--color--pale-cyan-blue) !important;}.has-vivid-cyan-blue-color{color: var(--wp--preset--color--vivid-cyan-blue) !important;}.has-vivid-purple-color{color: var(--wp--preset--color--vivid-purple) !important;}.has-black-background-color{background-color: var(--wp--preset--color--black) !important;}.has-cyan-bluish-gray-background-color{background-color: var(--wp--preset--color--cyan-bluish-gray) !important;}.has-white-background-color{background-color: var(--wp--preset--color--white) !important;}.has-pale-pink-background-color{background-color: var(--wp--preset--color--pale-pink) !important;}.has-vivid-red-background-color{background-color: var(--wp--preset--color--vivid-red) !important;}.has-luminous-vivid-orange-background-color{background-color: var(--wp--preset--color--luminous-vivid-orange) !important;}.has-luminous-vivid-amber-background-color{background-color: var(--wp--preset--color--luminous-vivid-amber) !important;}.has-light-green-cyan-background-color{background-color: var(--wp--preset--color--light-green-cyan) !important;}.has-vivid-green-cyan-background-color{background-color: var(--wp--preset--color--vivid-green-cyan) !important;}.has-pale-cyan-blue-background-color{background-color: var(--wp--preset--color--pale-cyan-blue) !important;}.has-vivid-cyan-blue-background-color{background-color: var(--wp--preset--color--vivid-cyan-blue) !important;}.has-vivid-purple-background-color{background-color: var(--wp--preset--color--vivid-purple) !important;}.has-black-border-color{border-color: var(--wp--preset--color--black) !important;}.has-cyan-bluish-gray-border-color{border-color: var(--wp--preset--color--cyan-bluish-gray) !important;}.has-white-border-color{border-color: var(--wp--preset--color--white) !important;}.has-pale-pink-border-color{border-color: var(--wp--preset--color--pale-pink) !important;}.has-vivid-red-border-color{border-color: var(--wp--preset--color--vivid-red) !important;}.has-luminous-vivid-orange-border-color{border-color: var(--wp--preset--color--luminous-vivid-orange) !important;}.has-luminous-vivid-amber-border-color{border-color: var(--wp--preset--color--luminous-vivid-amber) !important;}.has-light-green-cyan-border-color{border-color: var(--wp--preset--color--light-green-cyan) !important;}.has-vivid-green-cyan-border-color{border-color: var(--wp--preset--color--vivid-green-cyan) !important;}.has-pale-cyan-blue-border-color{border-color: var(--wp--preset--color--pale-cyan-blue) !important;}.has-vivid-cyan-blue-border-color{border-color: var(--wp--preset--color--vivid-cyan-blue) !important;}.has-vivid-purple-border-color{border-color: var(--wp--preset--color--vivid-purple) !important;}.has-vivid-cyan-blue-to-vivid-purple-gradient-background{background: var(--wp--preset--gradient--vivid-cyan-blue-to-vivid-purple) !important;}.has-light-green-cyan-to-vivid-green-cyan-gradient-background{background: var(--wp--preset--gradient--light-green-cyan-to-vivid-green-cyan) !important;}.has-luminous-vivid-amber-to-luminous-vivid-orange-gradient-background{background: var(--wp--preset--gradient--luminous-vivid-amber-to-luminous-vivid-orange) !important;}.has-luminous-vivid-orange-to-vivid-red-gradient-background{background: var(--wp--preset--gradient--luminous-vivid-orange-to-vivid-red) !important;}.has-very-light-gray-to-cyan-bluish-gray-gradient-background{background: var(--wp--preset--gradient--very-light-gray-to-cyan-bluish-gray) !important;}.has-cool-to-warm-spectrum-gradient-background{background: var(--wp--preset--gradient--cool-to-warm-spectrum) !important;}.has-blush-light-purple-gradient-background{background: var(--wp--preset--gradient--blush-light-purple) !important;}.has-blush-bordeaux-gradient-background{background: var(--wp--preset--gradient--blush-bordeaux) !important;}.has-luminous-dusk-gradient-background{background: var(--wp--preset--gradient--luminous-dusk) !important;}.has-pale-ocean-gradient-background{background: var(--wp--preset--gradient--pale-ocean) !important;}.has-electric-grass-gradient-background{background: var(--wp--preset--gradient--electric-grass) !important;}.has-midnight-gradient-background{background: var(--wp--preset--gradient--midnight) !important;}.has-small-font-size{font-size: var(--wp--preset--font-size--small) !important;}.has-medium-font-size{font-size: var(--wp--preset--font-size--medium) !important;}.has-large-font-size{font-size: var(--wp--preset--font-size--large) !important;}.has-x-large-font-size{font-size: var(--wp--preset--font-size--x-large) !important;}
.wp-block-navigation a:where(:not(.wp-element-button)){color: inherit;}
:where(.wp-block-post-template.is-layout-flex){gap: 1.25em;}:where(.wp-block-post-template.is-layout-grid){gap: 1.25em;}
:where(.wp-block-columns.is-layout-flex){gap: 2em;}:where(.wp-block-columns.is-layout-grid){gap: 2em;}
.wp-block-pullquote{font-size: 1.5em;line-height: 1.6;}
&lt;/style&gt;
&lt;link rel='stylesheet' id='edsanimate-animo-css-css' href='https://www.globalsqa.com/wp-content/plugins/animate-it/assets/css/animate-animo.css?ver=6.4.2' type='text/css' media='all' /&gt;
&lt;link rel='stylesheet' id='custom-style-css' href='https://www.globalsqa.com/wp-content/plugins/animated-icon-banner-for-visual-composer/./vc_doo_banner.css?ver=20120208' type='text/css' media='all' /&gt;
&lt;link rel='stylesheet' id='contact-form-7-css' href='https://www.globalsqa.com/wp-content/plugins/contact-form-7/includes/css/styles.css?ver=5.1.9' type='text/css' media='all' /&gt;
&lt;link rel='stylesheet' id='wpProQuiz_front_style-css' href='https://www.globalsqa.com/wp-content/plugins/wp-pro-quiz/css/wpProQuiz_front.min.css?ver=0.37' type='text/css' media='all' /&gt;
&lt;link rel='stylesheet' id='elementor-frontend-css' href='https://www.globalsqa.com/wp-content/plugins/elementor/assets/css/frontend-lite.min.css?ver=3.18.0' type='text/css' media='all' /&gt;
&lt;link rel='stylesheet' id='swiper-css' href='https://www.globalsqa.com/wp-content/plugins/elementor/assets/lib/swiper/v8/css/swiper.min.css?ver=8.4.5' type='text/css' media='all' /&gt;
&lt;link rel='stylesheet' id='elementor-post-34704-css' href='https://www.globalsqa.com/wp-content/uploads/elementor/css/post-34704.css?ver=1701784648' type='text/css' media='all' /&gt;
&lt;link rel='stylesheet' id='elementor-global-css' href='https://www.globalsqa.com/wp-content/uploads/elementor/css/global.css?ver=1701784650' type='text/css' media='all' /&gt;
&lt;link rel='stylesheet' id='boc-style-css' href='https://www.globalsqa.com/wp-content/themes/Savia/style.css?ver=6.4.2' type='text/css' media='all' /&gt;
&lt;style id='boc-style-inline-css' type='text/css'&gt;

		
			.light_menu #menu &gt; ul &gt; li &gt; div { border-top: 2px solid #077cf9; }
			.light_menu #menu &gt; ul &gt; li:hover &gt; a { border-bottom: 2px solid #077cf9; }
			.light_menu #menu &gt; ul &gt; li:hover &gt; a.no_border { border-bottom: none; }

			.dark_menu #menu &gt; ul &gt; li &gt; div { border-top: 2px solid #077cf9; }
			.dark_menu #menu &gt; ul &gt; li:hover &gt; a { border-bottom: 2px solid #077cf9; }
			.dark_menu #menu &gt; ul &gt; li:hover &gt; a.no_border { border-bottom: none; }
				
			.custom_menu #menu &gt; ul &gt; li ul &gt; li &gt; a:hover { background-color: #077cf9;}
			.custom_menu #menu &gt; ul &gt; li:hover &gt; a { border-bottom: 2px solid #077cf9; }
			.custom_menu #menu &gt; ul &gt; li:hover &gt; a.no_border { border-bottom: none; }
				
			.custom_menu2 #menu &gt; ul &gt; li &gt; div { border-top: 2px solid #077cf9;}
			.custom_menu2 #menu &gt; ul &gt; li:hover &gt; a { border-bottom: 2px solid #077cf9; }
			.custom_menu2 #menu &gt; ul &gt; li:hover &gt; a.no_border { border-bottom: 2px solid transparent; }
				
			.custom_menu3 #menu &gt; ul &gt; li &gt; div { border-top: 2px solid #077cf9;}
			.custom_menu3 #menu &gt; ul &gt; li:hover &gt; a { border-bottom: 2px solid #077cf9; }
			.custom_menu3 #menu &gt; ul &gt; li:hover &gt; a.no_border { border-bottom: none; }
				
			.custom_menu4 #menu &gt; ul &gt; li &gt; div { border-top: 2px solid #077cf9;}
			.custom_menu4 #menu &gt; ul &gt; li:hover &gt; a { border-bottom: 2px solid #077cf9; }
			.custom_menu4 #menu &gt; ul &gt; li ul &gt; li &gt; a:hover { background-color: #077cf9;}
			.custom_menu4 #menu &gt; ul &gt; li:hover &gt; a.no_border { border-bottom: none; }

			.custom_menu5 #menu &gt; ul &gt; li:hover &gt; a { background-color: #077cf9;}
			.custom_menu5 #menu &gt; ul &gt; li ul &gt; li &gt; a:hover { background-color: #077cf9;}
				
				
			.custom_menu6 #menu &gt; ul &gt; li ul &gt; li &gt; a:hover { background-color: #077cf9;}
			.custom_menu6 #menu &gt; ul &gt; li:hover &gt; a { border-top: 2px solid #077cf9;}
				
			.custom_menu7 #menu &gt; ul &gt; li ul &gt; li &gt; a:hover { background-color: #077cf9;}
			.custom_menu7 #menu &gt; ul &gt; li:hover &gt; a { border-top: 2px solid #077cf9;}
				
			.custom_menu8 #menu &gt; ul &gt; li ul &gt; li &gt; a:hover { background-color: #077cf9;}
			.custom_menu8 #menu &gt; ul &gt; li:hover &gt; a { border-top: 2px solid #077cf9;}
		
        
		#footer {
			position: relative;
		}

&lt;/style&gt;
&lt;link rel='stylesheet' id='boc-responsive-style-css' href='https://www.globalsqa.com/wp-content/themes/Savia/stylesheets/responsive.css?ver=6.4.2' type='text/css' media='all' /&gt;
&lt;link crossorigin="anonymous" rel='stylesheet' id='boc-fonts-css' href='https://fonts.googleapis.com/css?family=Open+Sans%3A300italic%2C400italic%2C600italic%2C400%2C300%2C600%2C700%7CDroid+Serif%3A400%2C700%2C400italic%2C700italic&amp;#038;ver=6.4.2' type='text/css' media='all' /&gt;
&lt;link rel='stylesheet' id='zoom-style-css' href='https://www.globalsqa.com/wp-content/themes/Savia/stylesheets/jquery.jqzoom.css?ver=6.4.2' type='text/css' media='all' /&gt;
&lt;link rel='stylesheet' id='dry_awp_theme_style-css' href='https://www.globalsqa.com/wp-content/plugins/advanced-wp-columns/assets/css/awp-columns.css?ver=6.4.2' type='text/css' media='all' /&gt;
&lt;style id='dry_awp_theme_style-inline-css' type='text/css'&gt;
@media screen and (max-width: 1024px) {	.csColumn {		clear: both !important;		float: none !important;		text-align: center !important;		margin-left:  10% !important;		margin-right: 10% !important;		width: 80% !important;	}	.csColumnGap {		display: none !important;	}}
&lt;/style&gt;
&lt;link rel='stylesheet' id='bfa-font-awesome-css' href='//cdn.jsdelivr.net/fontawesome/4.7.0/css/font-awesome.min.css?ver=4.7.0' type='text/css' media='all' /&gt;
&lt;link rel='stylesheet' id='wpr-text-animations-css-css' href='https://www.globalsqa.com/wp-content/plugins/royal-elementor-addons/assets/css/lib/animations/text-animations.min.css?ver=1.3.81' type='text/css' media='all' /&gt;
&lt;link rel='stylesheet' id='wpr-addons-css-css' href='https://www.globalsqa.com/wp-content/plugins/royal-elementor-addons/assets/css/frontend.min.css?ver=1.3.81' type='text/css' media='all' /&gt;
&lt;link rel='stylesheet' id='font-awesome-5-all-css' href='https://www.globalsqa.com/wp-content/plugins/elementor/assets/lib/font-awesome/css/all.min.css?ver=1.3.81' type='text/css' media='all' /&gt;
&lt;link crossorigin="anonymous" rel='stylesheet' id='google-fonts-1-css' href='https://fonts.googleapis.com/css?family=Roboto%3A100%2C100italic%2C200%2C200italic%2C300%2C300italic%2C400%2C400italic%2C500%2C500italic%2C600%2C600italic%2C700%2C700italic%2C800%2C800italic%2C900%2C900italic%7CRoboto+Slab%3A100%2C100italic%2C200%2C200italic%2C300%2C300italic%2C400%2C400italic%2C500%2C500italic%2C600%2C600italic%2C700%2C700italic%2C800%2C800italic%2C900%2C900italic&amp;#038;display=swap&amp;#038;ver=6.4.2' type='text/css' media='all' /&gt;
&lt;link rel='stylesheet' id='jetpack_css-css' href='https://c0.wp.com/p/jetpack/8.5.2/css/jetpack.css' type='text/css' media='all' /&gt;
&lt;link rel="preconnect" href="https://fonts.gstatic.com/" crossorigin&gt;&lt;script type="text/javascript" data-cfasync="false" src="https://c0.wp.com/c/6.4.2/wp-includes/js/jquery/jquery.min.js" id="jquery-core-js"&gt;&lt;/script&gt;
&lt;script type="text/javascript" data-cfasync="false" src="https://c0.wp.com/c/6.4.2/wp-includes/js/jquery/jquery-migrate.min.js" id="jquery-migrate-js"&gt;&lt;/script&gt;
&lt;script type="text/javascript" id="crayon_js-js-extra"&gt;
/* &lt;![CDATA[ */
var CrayonSyntaxSettings = {"version":"_2.7.2_beta","is_admin":"0","ajaxurl":"https:\/\/www.globalsqa.com\/wp-admin\/admin-ajax.php","prefix":"crayon-","setting":"crayon-setting","selected":"crayon-setting-selected","changed":"crayon-setting-changed","special":"crayon-setting-special","orig_value":"data-orig-value","debug":""};
var CrayonSyntaxStrings = {"copy":"Press %s to Copy, %s to Paste","minimize":"Click To Expand Code"};
/* ]]&gt; */
&lt;/script&gt;
&lt;script type="text/javascript" src="https://www.globalsqa.com/wp-content/plugins/crayon-syntax-highlighter/js/min/crayon.min.js?ver=_2.7.2_beta" id="crayon_js-js"&gt;&lt;/script&gt;
&lt;script type="text/javascript" src="https://www.globalsqa.com/wp-content/themes/Savia/js/libs.js?ver=6.4.2" id="jquery.easing-js"&gt;&lt;/script&gt;
&lt;script type="text/javascript" id="savia.common-js-extra"&gt;
/* &lt;![CDATA[ */
var JSParams = {"sticky_header":"1"};
var JSFooterParams = {"fixed_footer":"0"};
/* ]]&gt; */
&lt;/script&gt;
&lt;script type="text/javascript" src="https://www.globalsqa.com/wp-content/themes/Savia/js/common.js?ver=6.4.2" id="savia.common-js"&gt;&lt;/script&gt;
&lt;script type="text/javascript" src="https://www.globalsqa.com/wp-content/themes/Savia/js/jquery.smoothscroll.js?ver=6.4.2" id="smoothscroll-js"&gt;&lt;/script&gt;
&lt;script type="text/javascript" src="https://www.globalsqa.com/wp-content/themes/Savia/js/jquery.stellar.min.js?ver=6.4.2" id="stellar-js"&gt;&lt;/script&gt;
&lt;script type="text/javascript" src="https://c0.wp.com/c/6.4.2/wp-includes/js/hoverIntent.min.js" id="hoverIntent-js"&gt;&lt;/script&gt;
&lt;script type="text/javascript" id="utils-js-extra"&gt;
/* &lt;![CDATA[ */
var userSettings = {"url":"\/","uid":"0","time":"1703768665","secure":"1"};
/* ]]&gt; */
&lt;/script&gt;
&lt;script type="text/javascript" src="https://c0.wp.com/c/6.4.2/wp-includes/js/utils.min.js" id="utils-js"&gt;&lt;/script&gt;
&lt;script type="text/javascript" src="https://c0.wp.com/c/6.4.2/wp-includes/js/dist/vendor/wp-polyfill-inert.min.js" id="wp-polyfill-inert-js"&gt;&lt;/script&gt;
&lt;script type="text/javascript" src="https://c0.wp.com/c/6.4.2/wp-includes/js/dist/vendor/regenerator-runtime.min.js" id="regenerator-runtime-js"&gt;&lt;/script&gt;
&lt;script type="text/javascript" src="https://c0.wp.com/c/6.4.2/wp-includes/js/dist/vendor/wp-polyfill.min.js" id="wp-polyfill-js"&gt;&lt;/script&gt;
&lt;script type="text/javascript" src="https://c0.wp.com/c/6.4.2/wp-includes/js/dist/hooks.min.js" id="wp-hooks-js"&gt;&lt;/script&gt;
&lt;script type="text/javascript" src="https://c0.wp.com/c/6.4.2/wp-includes/js/dist/i18n.min.js" id="wp-i18n-js"&gt;&lt;/script&gt;
&lt;script type="text/javascript" id="wp-i18n-js-after"&gt;
/* &lt;![CDATA[ */
wp.i18n.setLocaleData( { 'text direction\u0004ltr': [ 'ltr' ] } );
/* ]]&gt; */
&lt;/script&gt;
&lt;script type="text/javascript" src="https://c0.wp.com/c/6.4.2/wp-admin/js/common.min.js" id="common-js"&gt;&lt;/script&gt;
&lt;script type="text/javascript" id="anim-script-js-extra"&gt;
/* &lt;![CDATA[ */
var template_dir_uri = "https:\/\/www.globalsqa.com\/wp-content\/themes\/Savia";
/* ]]&gt; */
&lt;/script&gt;
&lt;script type="text/javascript" src="https://www.globalsqa.com/wp-content/themes/Savia/js/anims.js?ver=6.4.2" id="anim-script-js"&gt;&lt;/script&gt;
&lt;script type="text/javascript" src="https://www.globalsqa.com/wp-content/themes/Savia/js/jquery.jqzoom-core.js?ver=6.4.2" id="zooming-js"&gt;&lt;/script&gt;
&lt;link rel="https://api.w.org/" href="https://www.globalsqa.com/wp-json/" /&gt;&lt;link rel="alternate" type="application/json" href="https://www.globalsqa.com/wp-json/wp/v2/pages/6881" /&gt;&lt;link rel="EditURI" type="application/rsd+xml" title="RSD" href="https://www.globalsqa.com/xmlrpc.php?rsd" /&gt;
&lt;meta name="generator" content="WordPress 6.4.2" /&gt;
&lt;link rel='shortlink' href='https://wp.me/P7B4Kk-1MZ' /&gt;
&lt;link rel="alternate" type="application/json+oembed" href="https://www.globalsqa.com/wp-json/oembed/1.0/embed?url=https%3A%2F%2Fwww.globalsqa.com%2Fcheatsheets%2F" /&gt;
&lt;link rel="alternate" type="text/xml+oembed" href="https://www.globalsqa.com/wp-json/oembed/1.0/embed?url=https%3A%2F%2Fwww.globalsqa.com%2Fcheatsheets%2F&amp;#038;format=xml" /&gt;
&lt;meta name="generator" content="Site Kit by Google 1.13.0" /&gt;		&lt;script&gt;
			document.documentElement.className = document.documentElement.className.replace( 'no-js', 'js' );
		&lt;/script&gt;
				&lt;style&gt;
			.no-js img.lazyload { display: none; }
			figure.wp-block-image img.lazyloading { min-width: 150px; }
							.lazyload, .lazyloading { opacity: 0; }
				.lazyloaded {
					opacity: 1;
					transition: opacity 400ms;
					transition-delay: 0ms;
				}
					&lt;/style&gt;
		
&lt;link rel='dns-prefetch' href='//v0.wordpress.com'/&gt;
&lt;link rel='dns-prefetch' href='//i0.wp.com'/&gt;
&lt;link rel='dns-prefetch' href='//i1.wp.com'/&gt;
&lt;link rel='dns-prefetch' href='//i2.wp.com'/&gt;
&lt;link rel='dns-prefetch' href='//jetpack.wordpress.com'/&gt;
&lt;link rel='dns-prefetch' href='//s0.wp.com'/&gt;
&lt;link rel='dns-prefetch' href='//s1.wp.com'/&gt;
&lt;link rel='dns-prefetch' href='//s2.wp.com'/&gt;
&lt;link rel='dns-prefetch' href='//public-api.wordpress.com'/&gt;
&lt;link rel='dns-prefetch' href='//0.gravatar.com'/&gt;
&lt;link rel='dns-prefetch' href='//1.gravatar.com'/&gt;
&lt;link rel='dns-prefetch' href='//2.gravatar.com'/&gt;
&lt;link rel='dns-prefetch' href='//widgets.wp.com'/&gt;
&lt;link rel='dns-prefetch' href='//c0.wp.com'/&gt;
&lt;style type='text/css'&gt;img#wpstats{display:none}&lt;/style&gt;&lt;script async src="//pagead2.googlesyndication.com/pagead/js/adsbygoogle.js"&gt;&lt;/script&gt; &lt;script&gt;
(adsbygoogle = window.adsbygoogle || []).push({
google_ad_client: "ca-pub-2878895907861435",
enable_page_level_ads: true,
tag_partner: "site_kit"
});
&lt;/script&gt;
		&lt;meta name="generator" content="Elementor 3.18.0; features: e_dom_optimization, e_optimized_assets_loading, e_optimized_css_loading, e_font_icon_svg, additional_custom_breakpoints, block_editor_assets_optimize, e_image_loading_optimization; settings: css_print_method-external, google_font-enabled, font_display-swap"&gt;
&lt;style type="text/css" id="custom-background-css"&gt;
body.custom-background { background-image: url("https://www.globalsqa.com/wp-content/themes/Savia/images/main_bgr.png"); background-position: left top; background-size: auto; background-repeat: repeat; background-attachment: scroll; }
&lt;/style&gt;
				&lt;style type="text/css"&gt;
				/* If html does not have either class, do not show lazy loaded images. */
				html:not( .jetpack-lazy-images-js-enabled ):not( .js ) .jetpack-lazy-image {
					display: none;
				}
			&lt;/style&gt;
			&lt;script&gt;
				document.documentElement.classList.add(
					'jetpack-lazy-images-js-enabled'
				);
			&lt;/script&gt;
		&lt;link rel="amphtml" href="https://www.globalsqa.com/cheatsheets/?amp"&gt;&lt;style type="text/css" id="animate-plugin-header-css"&gt;&lt;/style&gt;&lt;style id="wpr_lightbox_styles"&gt;
				.lg-backdrop {
					background-color: rgba(0,0,0,0.6) !important;
				}
				.lg-toolbar,
				.lg-dropdown {
					background-color: rgba(0,0,0,0.8) !important;
				}
				.lg-dropdown:after {
					border-bottom-color: rgba(0,0,0,0.8) !important;
				}
				.lg-sub-html {
					background-color: rgba(0,0,0,0.8) !important;
				}
				.lg-thumb-outer,
				.lg-progress-bar {
					background-color: #444444 !important;
				}
				.lg-progress {
					background-color: #a90707 !important;
				}
				.lg-icon {
					color: #efefef !important;
					font-size: 20px !important;
				}
				.lg-icon.lg-toogle-thumb {
					font-size: 24px !important;
				}
				.lg-icon:hover,
				.lg-dropdown-text:hover {
					color: #ffffff !important;
				}
				.lg-sub-html,
				.lg-dropdown-text {
					color: #efefef !important;
					font-size: 14px !important;
				}
				#lg-counter {
					color: #efefef !important;
					font-size: 14px !important;
				}
				.lg-prev,
				.lg-next {
					font-size: 35px !important;
				}

				/* Defaults */
				.lg-icon {
				background-color: transparent !important;
				}

				#lg-counter {
				opacity: 0.9;
				}

				.lg-thumb-outer {
				padding: 0 10px;
				}

				.lg-thumb-item {
				border-radius: 0 !important;
				border: none !important;
				opacity: 0.5;
				}

				.lg-thumb-item.active {
					opacity: 1;
				}
	         &lt;/style&gt;&lt;script type="text/javascript"&gt;



&lt;/script&gt;
	
	
&lt;!-- Global site tag (gtag.js) - Google Analytics --&gt;
&lt;script async src="https://www.googletagmanager.com/gtag/js?id=UA-67337609-1"&gt;&lt;/script&gt;
&lt;script&gt;
  window.dataLayer = window.dataLayer || [];
  function gtag(){dataLayer.push(arguments);}
  gtag('js', new Date());

  gtag('config', 'UA-67337609-1');
&lt;/script&gt;
&lt;!--

&lt;script&gt;
  (function(i,s,o,g,r,a,m){i['GoogleAnalyticsObject']=r;i[r]=i[r]||function(){
  (i[r].q=i[r].q||[]).push(arguments)},i[r].l=1*new Date();a=s.createElement(o),
  m=s.getElementsByTagName(o)[0];a.async=1;a.src=g;m.parentNode.insertBefore(a,m)
  })(window,document,'script','https://www.google-analytics.com/analytics.js','ga');

  ga('create', 'UA-67337609-1', 'auto');
  ga('send', 'pageview');

&lt;/script&gt;
--&gt;
&lt;/head&gt;

&lt;body data-rsssl=1 class="page-template-default page page-id-6881 custom-background elementor-default elementor-kit-34704"&gt;

  	
  	
    
  &lt;div id="wrapper" class="full_wrapper page_title_bgr responsive"&gt;
  
	&lt;header id="header"  class="has_subheader"&gt;
		
		
				&lt;!-- Container --&gt;
		&lt;div class="full_header"&gt;
			&lt;div class="container"&gt;	
				&lt;div id="subheader" class="row"&gt;
					&lt;div class="sixteen columns"&gt;
						&lt;div class="subheader_inside"&gt;
							
							
							&lt;div class="header_search"&gt;
								&lt;form class="search" action="https://www.globalsqa.com/" method="get"&gt;
									&lt;button class="button_search"&gt;&lt;/button&gt;
									&lt;input name="s" id="s" type="text" placeholder="Search..." value="" /&gt;
								&lt;/form&gt;
							&lt;/div&gt;
													
						&lt;a target='_blank' href='https://in.pinterest.com/globalsqa/' class='header_soc_pinterest' title='Pinterest'&gt;pinterest&lt;/a&gt;&lt;a target='_blank' href='https://twitter.com/Global_SQA' class='header_soc_twitter' title='Twitter'&gt;twitter&lt;/a&gt;&lt;a target='_blank' href='https://www.linkedin.com/company/globalsqa' class='header_soc_linkedin' title='LinkedIn'&gt;linkedin&lt;/a&gt;&lt;a target='_blank' href='https://plus.google.com/103761557396023531439/posts' class='header_soc_google' title='Google+'&gt;google&lt;/a&gt;&lt;a target='_blank' href="https://facebook.com/globalsqa" class='header_soc_facebook' title='Facebook'&gt;facebook&lt;/a&gt;						
							
							&lt;div class="header_contacts" &gt;
																	&lt;div class="header_mail"&gt;&lt;a href="/cdn-cgi/l/email-protection" class="__cf_email__" data-cfemail="365559584257554276515a5954575a4547571855595b"&gt;[email&amp;#160;protected]&lt;/a&gt;&lt;/div&gt;
									
																	&lt;div class="header_phone"&gt;+91-9910979218&lt;/div&gt;
															&lt;/div&gt;
						&lt;/div&gt;					
						
					&lt;/div&gt;
				&lt;/div&gt;	
			&lt;/div&gt;	
		&lt;/div&gt;
				
		
		
	&lt;div class="header_container_holder"&gt;	
		&lt;!-- Container --&gt;
		&lt;div class="container"&gt;
		
				
					
			&lt;div class=" sixteen columns"&gt;

			
										
				&lt;div id="logo"&gt;
										&lt;div class='logo_img'&gt;
					&lt;a href="https://www.globalsqa.com/" title="GlobalSQA" rel="home"&gt;
						&lt;img   alt="GlobalSQA" data-src="https://globalsqa.com/wp-content/uploads/2015/10/logo1.png" class="lazyload" src="data:image/gif;base64,R0lGODlhAQABAAAAACH5BAEKAAEALAAAAAABAAEAAAICTAEAOw==" /&gt;&lt;noscript&gt;&lt;img src="https://globalsqa.com/wp-content/uploads/2015/10/logo1.png"  alt="GlobalSQA"/&gt;&lt;/noscript&gt;
					&lt;/a&gt;
					&lt;/div&gt;
									&lt;/div&gt;

				&lt;div id="mobile_menu_toggler"&gt;&lt;/div&gt;
				 
								 
				 
				&lt;!-- Main Navigation --&gt;			
						   

				&lt;div   class="dark_menu"&gt;	
				&lt;div id="menu" class="menu-custom-main-menu-container"&gt;&lt;ul&gt;&lt;li id="menu-item-1513" class="menu-item menu-item-type-post_type menu-item-object-page menu-item-home menu-item-1513"&gt;&lt;a href="https://www.globalsqa.com/"&gt;Home&lt;/a&gt;&lt;/li&gt;
&lt;li id="menu-item-6898" class="menu-item menu-item-type-post_type menu-item-object-page current-menu-item page_item page-item-6881 current_page_item menu-item-6898"&gt;&lt;a href="https://www.globalsqa.com/cheatsheets/" aria-current="page"&gt;CheatSheets&lt;/a&gt;&lt;/li&gt;
&lt;li id="menu-item-7128" class="menu-item menu-item-type-post_type menu-item-object-page menu-item-has-children menu-item-7128"&gt;&lt;a href="https://www.globalsqa.com/free-ebooks/"&gt;Free Ebooks&lt;span&gt;&lt;/span&gt;&lt;/a&gt;
&lt;ul class="sub-menu"&gt;
	&lt;li id="menu-item-7132" class="menu-item menu-item-type-post_type menu-item-object-post menu-item-7132"&gt;&lt;a href="https://www.globalsqa.com/free-machine-learning-ebooks/"&gt;Free Machine Learning Ebooks&lt;/a&gt;&lt;/li&gt;
	&lt;li id="menu-item-7130" class="menu-item menu-item-type-post_type menu-item-object-post menu-item-7130"&gt;&lt;a href="https://www.globalsqa.com/free-deep-learning-ebooks/"&gt;Free Deep Learning eBooks&lt;/a&gt;&lt;/li&gt;
	&lt;li id="menu-item-7129" class="menu-item menu-item-type-post_type menu-item-object-post menu-item-7129"&gt;&lt;a href="https://www.globalsqa.com/free-elasticsearch-ebooks/"&gt;Free Elasticsearch eBooks&lt;/a&gt;&lt;/li&gt;
	&lt;li id="menu-item-7131" class="menu-item menu-item-type-post_type menu-item-object-post menu-item-7131"&gt;&lt;a href="https://www.globalsqa.com/free-tensorflow-ebooks/"&gt;Free Tensorflow eBooks&lt;/a&gt;&lt;/li&gt;
&lt;/ul&gt;
&lt;/li&gt;
&lt;li id="menu-item-2822" class="menu-item menu-item-type-post_type menu-item-object-page menu-item-has-children menu-item-2822"&gt;&lt;a href="https://www.globalsqa.com/testers-hub/"&gt;Tester&amp;#8217;s Hub&lt;span&gt;&lt;/span&gt;&lt;/a&gt;
&lt;ul class="sub-menu"&gt;
	&lt;li id="menu-item-2823" class="menu-item menu-item-type-post_type menu-item-object-page menu-item-has-children menu-item-2823"&gt;&lt;a href="https://www.globalsqa.com/demo-site/"&gt;Demo Testing Site&lt;span&gt;&lt;/span&gt;&lt;/a&gt;
	&lt;ul class="sub-menu"&gt;
		&lt;li id="menu-item-2831" class="menu-item menu-item-type-post_type menu-item-object-page menu-item-2831"&gt;&lt;a href="https://www.globalsqa.com/demo-site/tooltip/"&gt;Tooltip&lt;/a&gt;&lt;/li&gt;
		&lt;li id="menu-item-2834" class="menu-item menu-item-type-post_type menu-item-object-page menu-item-2834"&gt;&lt;a href="https://www.globalsqa.com/demo-site/alertbox/"&gt;AlertBox&lt;/a&gt;&lt;/li&gt;
		&lt;li id="menu-item-2827" class="menu-item menu-item-type-post_type menu-item-object-page menu-item-2827"&gt;&lt;a href="https://www.globalsqa.com/demo-site/datepicker/"&gt;DatePicker&lt;/a&gt;&lt;/li&gt;
		&lt;li id="menu-item-2828" class="menu-item menu-item-type-post_type menu-item-object-page menu-item-2828"&gt;&lt;a href="https://www.globalsqa.com/demo-site/dialog-boxes/"&gt;Dialog Boxes&lt;/a&gt;&lt;/li&gt;
		&lt;li id="menu-item-2832" class="menu-item menu-item-type-post_type menu-item-object-page menu-item-2832"&gt;&lt;a href="https://www.globalsqa.com/demo-site/progress-bar/"&gt;Progress Bar&lt;/a&gt;&lt;/li&gt;
		&lt;li id="menu-item-2829" class="menu-item menu-item-type-post_type menu-item-object-page menu-item-2829"&gt;&lt;a href="https://www.globalsqa.com/demo-site/draganddrop/"&gt;Drag And Drop&lt;/a&gt;&lt;/li&gt;
		&lt;li id="menu-item-2830" class="menu-item menu-item-type-post_type menu-item-object-page menu-item-2830"&gt;&lt;a href="https://www.globalsqa.com/demo-site/draggableboxes/"&gt;Draggable Boxes&lt;/a&gt;&lt;/li&gt;
		&lt;li id="menu-item-2825" class="menu-item menu-item-type-post_type menu-item-object-page menu-item-2825"&gt;&lt;a href="https://www.globalsqa.com/demo-site/select-dropdown-menu/"&gt;DropDown Menu&lt;/a&gt;&lt;/li&gt;
		&lt;li id="menu-item-2826" class="menu-item menu-item-type-post_type menu-item-object-page menu-item-2826"&gt;&lt;a href="https://www.globalsqa.com/demo-site/toolbar/"&gt;Toolbar&lt;/a&gt;&lt;/li&gt;
		&lt;li id="menu-item-2833" class="menu-item menu-item-type-post_type menu-item-object-page menu-item-2833"&gt;&lt;a href="https://www.globalsqa.com/demo-site/auto-complete/"&gt;Auto Complete&lt;/a&gt;&lt;/li&gt;
		&lt;li id="menu-item-2835" class="menu-item menu-item-type-post_type menu-item-object-page menu-item-2835"&gt;&lt;a href="https://www.globalsqa.com/demo-site/accordion-and-tabs/"&gt;Accordion And Tabs&lt;/a&gt;&lt;/li&gt;
		&lt;li id="menu-item-2836" class="menu-item menu-item-type-post_type menu-item-object-page menu-item-2836"&gt;&lt;a href="https://www.globalsqa.com/demo-site/select-elements/"&gt;Select Elements&lt;/a&gt;&lt;/li&gt;
		&lt;li id="menu-item-2999" class="menu-item menu-item-type-post_type menu-item-object-page menu-item-2999"&gt;&lt;a href="https://www.globalsqa.com/demo-site/frames-and-windows/"&gt;Frames And Windows&lt;/a&gt;&lt;/li&gt;
	&lt;/ul&gt;
&lt;/li&gt;
	&lt;li id="menu-item-2824" class="menu-item menu-item-type-post_type menu-item-object-page menu-item-has-children menu-item-2824"&gt;&lt;a href="https://www.globalsqa.com/angularjs-protractor-practice-site/"&gt;AngularJS Protractor Practice Site&lt;span&gt;&lt;/span&gt;&lt;/a&gt;
	&lt;ul class="sub-menu"&gt;
		&lt;li id="menu-item-2842" class="menu-item menu-item-type-custom menu-item-object-custom menu-item-2842"&gt;&lt;a href="https://www.globalsqa.com/angularJs-protractor/SearchFilter/"&gt;Filters&lt;/a&gt;&lt;/li&gt;
		&lt;li id="menu-item-2841" class="menu-item menu-item-type-custom menu-item-object-custom menu-item-2841"&gt;&lt;a href="https://www.globalsqa.com/angularJs-protractor/Scrollable"&gt;Scrollable&lt;/a&gt;&lt;/li&gt;
		&lt;li id="menu-item-2838" class="menu-item menu-item-type-custom menu-item-object-custom menu-item-2838"&gt;&lt;a href="https://www.globalsqa.com/angularJs-protractor/Multiform/"&gt;Multiform&lt;/a&gt;&lt;/li&gt;
		&lt;li id="menu-item-2844" class="menu-item menu-item-type-custom menu-item-object-custom menu-item-2844"&gt;&lt;a href="https://www.globalsqa.com/angularJs-protractor/WebTable"&gt;WebTable&lt;/a&gt;&lt;/li&gt;
		&lt;li id="menu-item-2840" class="menu-item menu-item-type-custom menu-item-object-custom menu-item-2840"&gt;&lt;a href="https://globalsqa.com/angularJs-protractor/registration-login-example"&gt;Registration Form&lt;/a&gt;&lt;/li&gt;
		&lt;li id="menu-item-2843" class="menu-item menu-item-type-custom menu-item-object-custom menu-item-2843"&gt;&lt;a href="https://www.globalsqa.com/angularJs-protractor/SimpleCalculator/"&gt;Simple Calculator&lt;/a&gt;&lt;/li&gt;
		&lt;li id="menu-item-2845" class="menu-item menu-item-type-custom menu-item-object-custom menu-item-2845"&gt;&lt;a href="https://www.globalsqa.com/angularJs-protractor/ConsumptionCalculator/"&gt;Consumption Calculator&lt;/a&gt;&lt;/li&gt;
		&lt;li id="menu-item-2839" class="menu-item menu-item-type-custom menu-item-object-custom menu-item-2839"&gt;&lt;a href="https://www.globalsqa.com/angularJs-protractor/BankingProject"&gt;Banking Project&lt;/a&gt;&lt;/li&gt;
	&lt;/ul&gt;
&lt;/li&gt;
	&lt;li id="menu-item-2846" class="menu-item menu-item-type-post_type menu-item-object-page menu-item-2846"&gt;&lt;a href="https://www.globalsqa.com/samplepagetest/"&gt;Sample Page Test&lt;/a&gt;&lt;/li&gt;
	&lt;li id="menu-item-3796" class="menu-item menu-item-type-custom menu-item-object-custom menu-item-3796"&gt;&lt;a href="https://globalsqa.com/flash-testing/website.html"&gt;Flash Website&lt;/a&gt;&lt;/li&gt;
&lt;/ul&gt;
&lt;/li&gt;
&lt;li id="menu-item-1561" class="menu-item menu-item-type-post_type menu-item-object-page menu-item-1561"&gt;&lt;a href="https://www.globalsqa.com/contact-us/"&gt;Contact Us&lt;/a&gt;&lt;/li&gt;
&lt;/ul&gt;&lt;/div&gt;				&lt;/div&gt;
				
				
						
			&lt;/div&gt;			
			
		&lt;/div&gt;
		
		
		

			
			
		
	&lt;/div&gt;			
	
			
		&lt;div id="mobile_menu"&gt;	
		&lt;ul&gt;&lt;li class="menu-item menu-item-type-post_type menu-item-object-page menu-item-home menu-item-1513"&gt;&lt;a href="https://www.globalsqa.com/"&gt;Home&lt;/a&gt;&lt;/li&gt;
&lt;li class="menu-item menu-item-type-post_type menu-item-object-page current-menu-item page_item page-item-6881 current_page_item menu-item-6898"&gt;&lt;a href="https://www.globalsqa.com/cheatsheets/" aria-current="page"&gt;CheatSheets&lt;/a&gt;&lt;/li&gt;
&lt;li class="menu-item menu-item-type-post_type menu-item-object-page menu-item-has-children menu-item-7128"&gt;&lt;a href="https://www.globalsqa.com/free-ebooks/"&gt;Free Ebooks&lt;span&gt;&lt;/span&gt;&lt;/a&gt;
&lt;ul class="sub-menu"&gt;
	&lt;li class="menu-item menu-item-type-post_type menu-item-object-post menu-item-7132"&gt;&lt;a href="https://www.globalsqa.com/free-machine-learning-ebooks/"&gt;Free Machine Learning Ebooks&lt;/a&gt;&lt;/li&gt;
	&lt;li class="menu-item menu-item-type-post_type menu-item-object-post menu-item-7130"&gt;&lt;a href="https://www.globalsqa.com/free-deep-learning-ebooks/"&gt;Free Deep Learning eBooks&lt;/a&gt;&lt;/li&gt;
	&lt;li class="menu-item menu-item-type-post_type menu-item-object-post menu-item-7129"&gt;&lt;a href="https://www.globalsqa.com/free-elasticsearch-ebooks/"&gt;Free Elasticsearch eBooks&lt;/a&gt;&lt;/li&gt;
	&lt;li class="menu-item menu-item-type-post_type menu-item-object-post menu-item-7131"&gt;&lt;a href="https://www.globalsqa.com/free-tensorflow-ebooks/"&gt;Free Tensorflow eBooks&lt;/a&gt;&lt;/li&gt;
&lt;/ul&gt;
&lt;/li&gt;
&lt;li class="menu-item menu-item-type-post_type menu-item-object-page menu-item-has-children menu-item-2822"&gt;&lt;a href="https://www.globalsqa.com/testers-hub/"&gt;Tester&amp;#8217;s Hub&lt;span&gt;&lt;/span&gt;&lt;/a&gt;
&lt;ul class="sub-menu"&gt;
	&lt;li class="menu-item menu-item-type-post_type menu-item-object-page menu-item-has-children menu-item-2823"&gt;&lt;a href="https://www.globalsqa.com/demo-site/"&gt;Demo Testing Site&lt;span&gt;&lt;/span&gt;&lt;/a&gt;
	&lt;ul class="sub-menu"&gt;
		&lt;li class="menu-item menu-item-type-post_type menu-item-object-page menu-item-2831"&gt;&lt;a href="https://www.globalsqa.com/demo-site/tooltip/"&gt;Tooltip&lt;/a&gt;&lt;/li&gt;
		&lt;li class="menu-item menu-item-type-post_type menu-item-object-page menu-item-2834"&gt;&lt;a href="https://www.globalsqa.com/demo-site/alertbox/"&gt;AlertBox&lt;/a&gt;&lt;/li&gt;
		&lt;li class="menu-item menu-item-type-post_type menu-item-object-page menu-item-2827"&gt;&lt;a href="https://www.globalsqa.com/demo-site/datepicker/"&gt;DatePicker&lt;/a&gt;&lt;/li&gt;
		&lt;li class="menu-item menu-item-type-post_type menu-item-object-page menu-item-2828"&gt;&lt;a href="https://www.globalsqa.com/demo-site/dialog-boxes/"&gt;Dialog Boxes&lt;/a&gt;&lt;/li&gt;
		&lt;li class="menu-item menu-item-type-post_type menu-item-object-page menu-item-2832"&gt;&lt;a href="https://www.globalsqa.com/demo-site/progress-bar/"&gt;Progress Bar&lt;/a&gt;&lt;/li&gt;
		&lt;li class="menu-item menu-item-type-post_type menu-item-object-page menu-item-2829"&gt;&lt;a href="https://www.globalsqa.com/demo-site/draganddrop/"&gt;Drag And Drop&lt;/a&gt;&lt;/li&gt;
		&lt;li class="menu-item menu-item-type-post_type menu-item-object-page menu-item-2830"&gt;&lt;a href="https://www.globalsqa.com/demo-site/draggableboxes/"&gt;Draggable Boxes&lt;/a&gt;&lt;/li&gt;
		&lt;li class="menu-item menu-item-type-post_type menu-item-object-page menu-item-2825"&gt;&lt;a href="https://www.globalsqa.com/demo-site/select-dropdown-menu/"&gt;DropDown Menu&lt;/a&gt;&lt;/li&gt;
		&lt;li class="menu-item menu-item-type-post_type menu-item-object-page menu-item-2826"&gt;&lt;a href="https://www.globalsqa.com/demo-site/toolbar/"&gt;Toolbar&lt;/a&gt;&lt;/li&gt;
		&lt;li class="menu-item menu-item-type-post_type menu-item-object-page menu-item-2833"&gt;&lt;a href="https://www.globalsqa.com/demo-site/auto-complete/"&gt;Auto Complete&lt;/a&gt;&lt;/li&gt;
		&lt;li class="menu-item menu-item-type-post_type menu-item-object-page menu-item-2835"&gt;&lt;a href="https://www.globalsqa.com/demo-site/accordion-and-tabs/"&gt;Accordion And Tabs&lt;/a&gt;&lt;/li&gt;
		&lt;li class="menu-item menu-item-type-post_type menu-item-object-page menu-item-2836"&gt;&lt;a href="https://www.globalsqa.com/demo-site/select-elements/"&gt;Select Elements&lt;/a&gt;&lt;/li&gt;
		&lt;li class="menu-item menu-item-type-post_type menu-item-object-page menu-item-2999"&gt;&lt;a href="https://www.globalsqa.com/demo-site/frames-and-windows/"&gt;Frames And Windows&lt;/a&gt;&lt;/li&gt;
	&lt;/ul&gt;
&lt;/li&gt;
	&lt;li class="menu-item menu-item-type-post_type menu-item-object-page menu-item-has-children menu-item-2824"&gt;&lt;a href="https://www.globalsqa.com/angularjs-protractor-practice-site/"&gt;AngularJS Protractor Practice Site&lt;span&gt;&lt;/span&gt;&lt;/a&gt;
	&lt;ul class="sub-menu"&gt;
		&lt;li class="menu-item menu-item-type-custom menu-item-object-custom menu-item-2842"&gt;&lt;a href="https://www.globalsqa.com/angularJs-protractor/SearchFilter/"&gt;Filters&lt;/a&gt;&lt;/li&gt;
		&lt;li class="menu-item menu-item-type-custom menu-item-object-custom menu-item-2841"&gt;&lt;a href="https://www.globalsqa.com/angularJs-protractor/Scrollable"&gt;Scrollable&lt;/a&gt;&lt;/li&gt;
		&lt;li class="menu-item menu-item-type-custom menu-item-object-custom menu-item-2838"&gt;&lt;a href="https://www.globalsqa.com/angularJs-protractor/Multiform/"&gt;Multiform&lt;/a&gt;&lt;/li&gt;
		&lt;li class="menu-item menu-item-type-custom menu-item-object-custom menu-item-2844"&gt;&lt;a href="https://www.globalsqa.com/angularJs-protractor/WebTable"&gt;WebTable&lt;/a&gt;&lt;/li&gt;
		&lt;li class="menu-item menu-item-type-custom menu-item-object-custom menu-item-2840"&gt;&lt;a href="https://globalsqa.com/angularJs-protractor/registration-login-example"&gt;Registration Form&lt;/a&gt;&lt;/li&gt;
		&lt;li class="menu-item menu-item-type-custom menu-item-object-custom menu-item-2843"&gt;&lt;a href="https://www.globalsqa.com/angularJs-protractor/SimpleCalculator/"&gt;Simple Calculator&lt;/a&gt;&lt;/li&gt;
		&lt;li class="menu-item menu-item-type-custom menu-item-object-custom menu-item-2845"&gt;&lt;a href="https://www.globalsqa.com/angularJs-protractor/ConsumptionCalculator/"&gt;Consumption Calculator&lt;/a&gt;&lt;/li&gt;
		&lt;li class="menu-item menu-item-type-custom menu-item-object-custom menu-item-2839"&gt;&lt;a href="https://www.globalsqa.com/angularJs-protractor/BankingProject"&gt;Banking Project&lt;/a&gt;&lt;/li&gt;
	&lt;/ul&gt;
&lt;/li&gt;
	&lt;li class="menu-item menu-item-type-post_type menu-item-object-page menu-item-2846"&gt;&lt;a href="https://www.globalsqa.com/samplepagetest/"&gt;Sample Page Test&lt;/a&gt;&lt;/li&gt;
	&lt;li class="menu-item menu-item-type-custom menu-item-object-custom menu-item-3796"&gt;&lt;a href="https://globalsqa.com/flash-testing/website.html"&gt;Flash Website&lt;/a&gt;&lt;/li&gt;
&lt;/ul&gt;
&lt;/li&gt;
&lt;li class="menu-item menu-item-type-post_type menu-item-object-page menu-item-1561"&gt;&lt;a href="https://www.globalsqa.com/contact-us/"&gt;Contact Us&lt;/a&gt;&lt;/li&gt;
&lt;/ul&gt;		&lt;/div&gt;
	
	&lt;/header&gt;

&lt;div class="content_bgr"&gt;

			&lt;div class="full_container_page_title"&gt;	
			&lt;div class="container startNow animationStart"&gt;		
				&lt;div class="row no_bm"&gt;
					&lt;div class="sixteen columns"&gt;
						&lt;div class="breadcrumb"&gt;&lt;a class="first_bc" href="https://www.globalsqa.com/"&gt;&lt;span&gt;Home&lt;/span&gt;&lt;/a&gt;&lt;a class="last_bc" href="https://www.globalsqa.com/cheatsheets/" title="List Of CheatSheets"&gt;&lt;span&gt;List Of CheatSheets&lt;/span&gt;&lt;/a&gt;&lt;/div&gt;						&lt;div class="page_heading"&gt;&lt;h1&gt;List Of CheatSheets&lt;/h1&gt;&lt;/div&gt;
					&lt;/div&gt;		
				&lt;/div&gt;
			&lt;/div&gt;
		&lt;/div&gt;
		



	&lt;!-- Post --&gt;
	&lt;div class="post-6881 page type-page status-publish has-post-thumbnail hentry" id="post-6881" &gt;

		
				
		
			&lt;!-- Automatic Container --&gt;
			&lt;div class="container"&gt;
				&lt;div class="row"&gt;
					&lt;div class="sixteen columns"&gt;		
&lt;p&gt;Cheatsheets are always helpful when you want to go through a set of syntax or topics in few mins. Here, I have accumulated few frequently accessed cheatsheets at one place. Below is the list of cheatsheets you can access and download currently. We will keep on updating this list time to time:&lt;/p&gt;



&lt;ul&gt;&lt;li&gt;&lt;span class="has-vivid-cyan-blue-color"&gt;&lt;a style="color:red" href="https://www.globalsqa.com/git-cheat-sheet/" target="_blank"&gt;GIT Cheat Sheet&lt;/a&gt;&lt;/span&gt;&lt;/li&gt;&lt;li&gt;&lt;span class="has-inline-color has-vivid-cyan-blue-color"&gt;&lt;a style="color:red" href="https://www.globalsqa.com/vim-cheat-sheet/" target="_blank"&gt;VIM Cheat Sheet&lt;/a&gt;&lt;/span&gt;&lt;/li&gt;&lt;li&gt;&lt;span class="has-inline-color has-vivid-cyan-blue-color"&gt;&lt;a style="color:red" href="https://www.globalsqa.com/sql-cheat-sheet/" target="_blank"&gt;SQL Cheat Sheet&lt;/a&gt;&lt;/span&gt;&lt;/li&gt;&lt;li&gt;&lt;span class="has-inline-color has-vivid-cyan-blue-color"&gt;&lt;a style="color:red" href="https://www.globalsqa.com/python-cheat-sheet/" target="_blank"&gt;Python Beginner Cheat Sheet&lt;/a&gt;&lt;/span&gt;&lt;/li&gt;&lt;li&gt;&lt;span class="has-inline-color has-vivid-cyan-blue-color"&gt;&lt;a style="color:red" href="https://www.globalsqa.com/linux-bash-shell-cheat-sheet/" target="_blank"&gt;Bash/Shell Cheat Sheet&lt;/a&gt;&lt;/span&gt;&lt;/li&gt;&lt;li&gt;&lt;span class="has-inline-color has-vivid-cyan-blue-color"&gt;&lt;a style="color:red" href="https://www.globalsqa.com/dvc-cheat-sheet/" target="_blank"&gt;DVC Cheat Sheet&lt;/a&gt;&lt;/span&gt;&lt;/li&gt;&lt;li&gt;&lt;span class="has-inline-color has-vivid-cyan-blue-color"&gt;&lt;a style="color:red" href="https://www.globalsqa.com/pyspark-cheat-sheet/" target="_blank"&gt;PySpark Cheat Sheet&lt;/a&gt;&lt;/span&gt;&lt;/li&gt;&lt;li&gt;&lt;span class="has-inline-color has-vivid-cyan-blue-color"&gt;&lt;a style="color:red" href="https://www.globalsqa.com/keras-cheat-sheet/" target="_blank"&gt;Keras Cheat Sheet&lt;/a&gt;&lt;/span&gt;&lt;/li&gt;&lt;li&gt;&lt;span class="has-inline-color has-vivid-cyan-blue-color"&gt;&lt;a style="color:red" href="https://www.globalsqa.com/pandas-cheat-sheet/" target="_blank"&gt;Pandas Cheat Sheet&lt;/a&gt;&lt;/span&gt;&lt;/li&gt;&lt;li&gt;&lt;span class="has-inline-color has-vivid-cyan-blue-color"&gt;&lt;a style="color:red" href="https://www.globalsqa.com/data-science-cheat-sheet/" target="_blank"&gt;Data Science Cheat Sheet&lt;/a&gt;&lt;/span&gt;&lt;/li&gt;&lt;li&gt;&lt;span class="has-inline-color has-vivid-cyan-blue-color"&gt;&lt;a style="color:red" href="https://www.globalsqa.com/deep-learning-cheat-sheet/" target="_blank"&gt;Deep Learning Cheat Sheet&lt;/a&gt;&lt;/span&gt;&lt;/li&gt;&lt;li&gt;&lt;span class="has-inline-color has-vivid-cyan-blue-color"&gt;&lt;a style="color:red" href="https://www.globalsqa.com/deep-learning-cnn-cheat-sheet/" target="_blank"&gt;Deep Learning CNN Cheat Sheet&lt;/a&gt;&lt;/span&gt;&lt;/li&gt;&lt;li&gt;&lt;span class="has-inline-color has-vivid-cyan-blue-color"&gt;&lt;a style="color:red" href="https://www.globalsqa.com/deep-learning-rnn-cheat-sheet/" target="_blank"&gt;Deep Learning RNN Cheat Sheet&lt;/a&gt;&lt;/span&gt;&lt;/li&gt;&lt;li&gt;&lt;span class="has-inline-color has-vivid-cyan-blue-color"&gt;&lt;a style="color:red" href="https://www.globalsqa.com/supervised-learning-cheat-sheet/" target="_blank"&gt;Supervised Learning Cheat Sheet&lt;/a&gt;&lt;/span&gt;&lt;/li&gt;&lt;li&gt;&lt;span class="has-inline-color has-vivid-cyan-blue-color"&gt;&lt;a style="color:red" href="https://www.globalsqa.com/unsupervised-learning-cheat-sheet/" target="_blank"&gt;Unsupervised Learning Cheat Sheet&lt;/a&gt;&lt;/span&gt;&lt;/li&gt;&lt;li&gt;&lt;span class="has-inline-color has-vivid-cyan-blue-color"&gt;&lt;a style="color:red" href="https://www.globalsqa.com/machine-learning-algorithm-cheat-sheets/" target="_blank"&gt;Machine Learning Algorithm Cheat Sheets / Tips&lt;/a&gt;&lt;/span&gt;&lt;/li&gt;&lt;li&gt;&lt;span class="has-inline-color has-vivid-cyan-blue-color"&gt;&lt;a style="color:red" href="https://www.globalsqa.com/data-visualisation-in-r-cheat-sheet/" target="_blank"&gt;Data Visualisation in R Cheat Sheet&lt;/a&gt;&lt;/span&gt;&lt;/li&gt;&lt;li&gt;&lt;span class="has-inline-color has-vivid-cyan-blue-color"&gt;&lt;a style="color:red" href="https://www.globalsqa.com/data-visualisation-in-python-matplotlib-cheat-sheet/" target="_blank"&gt;Data Visualisation in Python Matplotlib Cheat Sheet&lt;/a&gt;&lt;/span&gt;&lt;/li&gt;&lt;li&gt;&lt;span class="has-inline-color has-vivid-cyan-blue-color"&gt;&lt;a style="color:red" href="https://www.globalsqa.com/linear-algebra-calculus-cheat-sheet/" target="_blank"&gt;Linear Algebra &amp;amp; Calculus Cheat Sheet&lt;/a&gt;&lt;/span&gt;&lt;/li&gt;&lt;li&gt;&lt;span class="has-inline-color has-vivid-cyan-blue-color"&gt;&lt;a style="color:red" href="https://www.globalsqa.com/probabilities-statistics-cheat-sheet/" target="_blank"&gt;Probabilities &amp;amp; Statistics Cheat Sheet&lt;/a&gt;&lt;/span&gt;&lt;/li&gt;&lt;/ul&gt;
				
					&lt;/div&gt;
				&lt;/div&gt;
			&lt;/div&gt;		
		
	&lt;/div&gt;
	&lt;!-- Post :: END --&gt;	
&lt;/div&gt;

	

	&lt;!-- Footer --&gt;
	&lt;div id="footer" class="footer_light"&gt;
		&lt;div class="container"&gt;	
			&lt;div class="row"&gt;
			  &lt;div class="four columns"&gt;
				&lt;h3&gt;About Us&lt;/h3&gt;			&lt;div class="textwidget"&gt;&lt;p&gt;GlobalSQA is one-stop solution to all your QA needs. Whatever your testing needs are, we have a solution. We provide solutions for all sorts of functional and non-functional testing as well as automation testing.&lt;/p&gt;
&lt;/div&gt;
			
			  &lt;/div&gt;

			  &lt;div class="four columns"&gt;
				&lt;h3&gt;Quick Menu&lt;/h3&gt;&lt;div class="menu-footer-container"&gt;&lt;ul id="menu-footer" class="menu"&gt;&lt;li id="menu-item-1919" class="menu-item menu-item-type-post_type menu-item-object-page menu-item-1919"&gt;&lt;a href="https://www.globalsqa.com/platform-database-testing/"&gt;Platform &amp;#038; Database Testing&lt;/a&gt;&lt;/li&gt;
&lt;li id="menu-item-1920" class="menu-item menu-item-type-post_type menu-item-object-page menu-item-1920"&gt;&lt;a href="https://www.globalsqa.com/component-unit-testing/"&gt;Component &amp;#038; Unit Testing&lt;/a&gt;&lt;/li&gt;
&lt;li id="menu-item-1921" class="menu-item menu-item-type-post_type menu-item-object-page menu-item-1921"&gt;&lt;a href="https://www.globalsqa.com/functional-testing/"&gt;Functional Testing&lt;/a&gt;&lt;/li&gt;
&lt;li id="menu-item-1922" class="menu-item menu-item-type-post_type menu-item-object-page menu-item-1922"&gt;&lt;a href="https://www.globalsqa.com/mobile-testing/"&gt;Mobile Testing&lt;/a&gt;&lt;/li&gt;
&lt;li id="menu-item-1923" class="menu-item menu-item-type-post_type menu-item-object-page menu-item-1923"&gt;&lt;a href="https://www.globalsqa.com/outsource-testing/"&gt;Outsource Testing&lt;/a&gt;&lt;/li&gt;
&lt;/ul&gt;&lt;/div&gt;	
			  &lt;/div&gt;

			  &lt;div class="four columns"&gt;
				&lt;h3&gt;Contact Info&lt;/h3&gt;				&lt;div class="icon_phone"&gt;+91-9910979218&lt;/div&gt;
		
				&lt;div class="icon_mail"&gt;&amp;#99;o&amp;#110;tact&amp;#64;&amp;#103;lobals&amp;#113;&amp;#97;&amp;#46;&amp;#99;om&lt;/div&gt;
		
				&lt;div class="icon_loc"&gt;146, VP Block, Pitampura, New Delhi-110034&lt;/div&gt;
				
		&lt;div class="clear h10"&gt;&lt;/div&gt;
		
			
			  &lt;/div&gt;

			  &lt;div class="four columns"&gt;
				&lt;div id="calendar_wrap" class="calendar_wrap"&gt;&lt;table id="wp-calendar" class="wp-calendar-table"&gt;
	&lt;caption&gt;December 2023&lt;/caption&gt;
	&lt;thead&gt;
	&lt;tr&gt;
		&lt;th scope="col" title="Monday"&gt;M&lt;/th&gt;
		&lt;th scope="col" title="Tuesday"&gt;T&lt;/th&gt;
		&lt;th scope="col" title="Wednesday"&gt;W&lt;/th&gt;
		&lt;th scope="col" title="Thursday"&gt;T&lt;/th&gt;
		&lt;th scope="col" title="Friday"&gt;F&lt;/th&gt;
		&lt;th scope="col" title="Saturday"&gt;S&lt;/th&gt;
		&lt;th scope="col" title="Sunday"&gt;S&lt;/th&gt;
	&lt;/tr&gt;
	&lt;/thead&gt;
	&lt;tbody&gt;
	&lt;tr&gt;
		&lt;td colspan="4" class="pad"&gt;&amp;nbsp;&lt;/td&gt;&lt;td&gt;1&lt;/td&gt;&lt;td&gt;2&lt;/td&gt;&lt;td&gt;3&lt;/td&gt;
	&lt;/tr&gt;
	&lt;tr&gt;
		&lt;td&gt;4&lt;/td&gt;&lt;td&gt;5&lt;/td&gt;&lt;td&gt;6&lt;/td&gt;&lt;td&gt;7&lt;/td&gt;&lt;td&gt;8&lt;/td&gt;&lt;td&gt;9&lt;/td&gt;&lt;td&gt;10&lt;/td&gt;
	&lt;/tr&gt;
	&lt;tr&gt;
		&lt;td&gt;11&lt;/td&gt;&lt;td&gt;12&lt;/td&gt;&lt;td&gt;13&lt;/td&gt;&lt;td&gt;14&lt;/td&gt;&lt;td&gt;15&lt;/td&gt;&lt;td&gt;16&lt;/td&gt;&lt;td&gt;17&lt;/td&gt;
	&lt;/tr&gt;
	&lt;tr&gt;
		&lt;td&gt;18&lt;/td&gt;&lt;td&gt;19&lt;/td&gt;&lt;td&gt;20&lt;/td&gt;&lt;td&gt;21&lt;/td&gt;&lt;td&gt;22&lt;/td&gt;&lt;td&gt;23&lt;/td&gt;&lt;td&gt;24&lt;/td&gt;
	&lt;/tr&gt;
	&lt;tr&gt;
		&lt;td&gt;25&lt;/td&gt;&lt;td&gt;26&lt;/td&gt;&lt;td&gt;27&lt;/td&gt;&lt;td id="today"&gt;28&lt;/td&gt;&lt;td&gt;29&lt;/td&gt;&lt;td&gt;30&lt;/td&gt;&lt;td&gt;31&lt;/td&gt;
	&lt;/tr&gt;
	&lt;/tbody&gt;
	&lt;/table&gt;&lt;nav aria-label="Previous and next months" class="wp-calendar-nav"&gt;
		&lt;span class="wp-calendar-nav-prev"&gt;&lt;a href="https://www.globalsqa.com/2020/09/"&gt;&amp;laquo; Sep&lt;/a&gt;&lt;/span&gt;
		&lt;span class="pad"&gt;&amp;nbsp;&lt;/span&gt;
		&lt;span class="wp-calendar-nav-next"&gt;&amp;nbsp;&lt;/span&gt;
	&lt;/nav&gt;&lt;/div&gt;		
			  &lt;/div&gt; 
		    &lt;/div&gt; 
			&lt;div class="clear"&gt;&lt;/div&gt;
		&lt;/div&gt;
		
		&lt;div class="footer_btm"&gt;
			&lt;div class="container"&gt;
				&lt;div class="row"&gt;
					&lt;div class="sixteen columns"&gt;
						&lt;div class="footer_btm_inner"&gt;
						
						&lt;a target='_blank' href='https://in.pinterest.com/globalsqa/' class='icon_pinterest' title=''&gt;pinterest&lt;/a&gt;&lt;a target='_blank' href='https://twitter.com/Global_SQA' class='icon_twitter' title=''&gt;twitter&lt;/a&gt;&lt;a target='_blank' href='https://www.linkedin.com/company/globalsqa' class='icon_linkedin' title=''&gt;linkedin&lt;/a&gt;&lt;a target='_blank' href='https://plus.google.com/103761557396023531439/posts' class='icon_google' title=''&gt;google&lt;/a&gt;&lt;a target='_blank' href="https://facebook.com/globalsqa" class='icon_facebook' title=''&gt;facebook&lt;/a&gt;						
							&lt;div id="powered"&gt;Website Designed &amp; Developed by : &lt;a href="https://www.globalsqa.com"&gt; GlobalSQA&lt;/a&gt;&lt;/div&gt;
							&lt;div class="clear"&gt;&lt;/div&gt;
						&lt;/div&gt;	  
					&lt;/div&gt;
				&lt;/div&gt;			
			&lt;/div&gt;
		&lt;/div&gt;
  &lt;/div&gt;
  &lt;!-- Footer::END --&gt;
  
  &lt;script data-cfasync="false" src="/cdn-cgi/scripts/5c5dd728/cloudflare-static/email-decode.min.js"&gt;&lt;/script&gt;&lt;script type="text/javascript" src="https://www.globalsqa.com/wp-content/plugins/animate/js/app.js?ver=0.5" id="animate-plugin-js"&gt;&lt;/script&gt;
&lt;script type="text/javascript" src="https://c0.wp.com/c/6.4.2/wp-includes/js/jquery/ui/core.min.js" id="jquery-ui-core-js"&gt;&lt;/script&gt;
&lt;script type="text/javascript" src="https://c0.wp.com/c/6.4.2/wp-includes/js/jquery/ui/accordion.min.js" id="jquery-ui-accordion-js"&gt;&lt;/script&gt;
&lt;script type="text/javascript" src="https://c0.wp.com/p/jetpack/8.5.2/_inc/build/photon/photon.min.js" id="jetpack-photon-js"&gt;&lt;/script&gt;
&lt;script type="text/javascript" src="https://www.globalsqa.com/wp-content/plugins/animate-it/assets/js/animo.min.js?ver=1.0.3" id="edsanimate-animo-script-js"&gt;&lt;/script&gt;
&lt;script type="text/javascript" src="https://www.globalsqa.com/wp-content/plugins/animate-it/assets/js/jquery.ba-throttle-debounce.min.js?ver=1.1" id="edsanimate-throttle-debounce-script-js"&gt;&lt;/script&gt;
&lt;script type="text/javascript" src="https://www.globalsqa.com/wp-content/plugins/animate-it/assets/js/viewportchecker.js?ver=1.4.4" id="viewportcheck-script-js"&gt;&lt;/script&gt;
&lt;script type="text/javascript" src="https://www.globalsqa.com/wp-content/plugins/animate-it/assets/js/edsanimate.js?ver=1.4.4" id="edsanimate-script-js"&gt;&lt;/script&gt;
&lt;script type="text/javascript" id="edsanimate-site-script-js-extra"&gt;
/* &lt;![CDATA[ */
var edsanimate_options = {"offset":"75","hide_hz_scrollbar":"1","hide_vl_scrollbar":"0"};
/* ]]&gt; */
&lt;/script&gt;
&lt;script type="text/javascript" src="https://www.globalsqa.com/wp-content/plugins/animate-it/assets/js/edsanimate.site.js?ver=1.4.5" id="edsanimate-site-script-js"&gt;&lt;/script&gt;
&lt;script type="text/javascript" id="contact-form-7-js-extra"&gt;
/* &lt;![CDATA[ */
var wpcf7 = {"apiSettings":{"root":"https:\/\/www.globalsqa.com\/wp-json\/contact-form-7\/v1","namespace":"contact-form-7\/v1"},"cached":"1"};
/* ]]&gt; */
&lt;/script&gt;
&lt;script type="text/javascript" src="https://www.globalsqa.com/wp-content/plugins/contact-form-7/includes/js/scripts.js?ver=5.1.9" id="contact-form-7-js"&gt;&lt;/script&gt;
&lt;script type="text/javascript" src="https://www.globalsqa.com/wp-content/plugins/royal-elementor-addons/assets/js/lib/particles/particles.js?ver=3.0.6" id="wpr-particles-js"&gt;&lt;/script&gt;
&lt;script type="text/javascript" src="https://www.globalsqa.com/wp-content/plugins/royal-elementor-addons/assets/js/lib/jarallax/jarallax.min.js?ver=1.12.7" id="wpr-jarallax-js"&gt;&lt;/script&gt;
&lt;script type="text/javascript" src="https://www.globalsqa.com/wp-content/plugins/royal-elementor-addons/assets/js/lib/parallax/parallax.min.js?ver=1.0" id="wpr-parallax-hover-js"&gt;&lt;/script&gt;
&lt;script type="text/javascript" src="https://www.globalsqa.com/wp-content/plugins/wp-smushit/app/assets/js/smush-lazy-load.min.js?ver=3.6.3" id="smush-lazy-load-js"&gt;&lt;/script&gt;
&lt;script type="text/javascript" id="smush-lazy-load-js-after"&gt;
/* &lt;![CDATA[ */
lazySizes.cfg.nativeLoading={setLoadingAttribute:false,disableListeners:{scroll:true}};lazySizes.init();
/* ]]&gt; */
&lt;/script&gt;
&lt;script type="text/javascript" src="https://c0.wp.com/p/jetpack/8.5.2/_inc/build/lazy-images/js/lazy-images.min.js" id="jetpack-lazy-images-js"&gt;&lt;/script&gt;
&lt;script type='text/javascript'&gt;
		/* &lt;![CDATA[ */
                wow = new WOW(
                      {
                        boxClass:     'wow',      	// default wow
                        animateClass: 'animated',	// default animated
                        offset:       0,          	// default 0
                        mobile:       1,       			// default true
                        live:         1        			// default true
                      }
                    )
                    wow.init();
		/* ]]&gt; */
                &lt;/script&gt;&lt;script type='text/javascript' src='https://stats.wp.com/e-202352.js' async='async' defer='defer'&gt;&lt;/script&gt;
&lt;script type='text/javascript'&gt;
	_stq = window._stq || [];
	_stq.push([ 'view', {v:'ext',j:'1:8.5.2',blog:'112270736',post:'6881',tz:'10',srv:'www.globalsqa.com'} ]);
	_stq.push([ 'clickTrackerInit', '112270736', '6881' ]);
&lt;/script&gt;
  
&lt;/body&gt;
&lt;/html&gt;	</msg>
<status status="PASS" starttime="20231228 18:34:26.409" endtime="20231228 18:34:26.409"/>
</kw>
<status status="PASS" starttime="20231228 18:34:23.632" endtime="20231228 18:34:26.409"/>
</kw>
<status status="PASS" starttime="20231228 18:34:08.264" endtime="20231228 18:34:26.409"/>
</test>
<status status="PASS" starttime="20231228 18:34:07.887" endtime="20231228 18:34:26.423"/>
</suite>
<statistics>
<total>
<stat pass="1" fail="0" skip="0">All Tests</stat>
</total>
<tag>
</tag>
<suite>
<stat pass="1" fail="0" skip="0" id="s1" name="Globalsqa Postman">Globalsqa Postman</stat>
</suite>
</statistics>
<errors>
</errors>
</robot>
