<?xml version="1.0" encoding="UTF-8"?>
<robot generator="Robot 6.1.1 (Python 3.9.11 on win32)" generated="20231228 14:20:51.074" rpa="false" schemaversion="4">
<suite id="s1" name="Delete Api Postman" source="c:\Users\Archimedis Digital\Robot Framework\api postman\delete_api_postman.robot">
<test id="s1-t1" name="Delete api" line="10">
<kw name="Create Session" library="RequestsLibrary">
<arg>mysession</arg>
<arg>${baseUrl}</arg>
<doc>Create Session: create a HTTP session to a server</doc>
<msg timestamp="20231228 14:20:51.388" level="INFO">Creating Session using : alias=mysession, url=https://reqres.in/api, headers={},                     cookies={}, auth=None, timeout=None, proxies=None, verify=False,                     debug=0 </msg>
<status status="PASS" starttime="20231228 14:20:51.387" endtime="20231228 14:20:51.389"/>
</kw>
<kw name="Delete Request" library="RequestsLibrary">
<var>${delete_response}</var>
<arg>mysession</arg>
<arg>/user?id=2</arg>
<arg>${type}</arg>
<doc>*DEPRECATED* Please use `DELETE On Session` instead.</doc>
<msg timestamp="20231228 14:20:51.389" level="WARN">Keyword 'RequestsLibrary.Delete Request' is deprecated. Please use `DELETE On Session` instead.</msg>
<msg timestamp="20231228 14:20:51.951" level="INFO">DELETE Request : url=https://reqres.in/api/user?id=2 
 path_url=/api/user?id=2 
 headers={'User-Agent': 'python-requests/2.31.0', 'Accept-Encoding': 'gzip, deflate', 'Accept': '*/*', 'Connection': 'keep-alive', 'Content-Length': '29'} 
 body=b'Content-Type=application/json' 
 </msg>
<msg timestamp="20231228 14:20:51.951" level="INFO">DELETE Response : url=https://reqres.in/api/user?id=2 
 status=204, reason=No Content 
 headers={'Date': 'Thu, 28 Dec 2023 08:50:52 GMT', 'Content-Length': '0', 'Connection': 'keep-alive', 'Report-To': '{"group":"heroku-nel","max_age":3600,"endpoints":[{"url":"https://nel.heroku.com/reports?ts=1703753451&amp;sid=c4c9725f-1ab0-44d8-820f-430df2718e11&amp;s=8CaH9vutRZMvOImgcOdJ%2Fz9d6Uuu6m2a9lEPTxTFUg8%3D"}]}', 'Reporting-Endpoints': 'heroku-nel=https://nel.heroku.com/reports?ts=1703753451&amp;sid=c4c9725f-1ab0-44d8-820f-430df2718e11&amp;s=8CaH9vutRZMvOImgcOdJ%2Fz9d6Uuu6m2a9lEPTxTFUg8%3D', 'Nel': '{"report_to":"heroku-nel","max_age":3600,"success_fraction":0.005,"failure_fraction":0.05,"response_headers":["Via"]}', 'X-Powered-By': 'Express', 'Access-Control-Allow-Origin': '*', 'Etag': 'W/"2-vyGp6PvFo4RvsFtPoIWeCReyIC8"', 'Via': '1.1 vegur', 'CF-Cache-Status': 'DYNAMIC', 'Server': 'cloudflare', 'CF-RAY': '83c88ee0e9bc2e11-BOM'} 
 body=None 
 </msg>
<msg timestamp="20231228 14:20:51.951" level="INFO">C:\Users\Archimedis Digital\AppData\Local\Programs\Python\Python39\lib\site-packages\urllib3\connectionpool.py:1095: InsecureRequestWarning: Unverified HTTPS request is being made to host 'reqres.in'. Adding certificate verification is strongly advised. See: https://urllib3.readthedocs.io/en/latest/advanced-usage.html#tls-warnings
  warnings.warn(</msg>
<msg timestamp="20231228 14:20:51.960" level="INFO">${delete_response} = &lt;Response [204]&gt;</msg>
<status status="PASS" starttime="20231228 14:20:51.389" endtime="20231228 14:20:51.960"/>
</kw>
<kw name="Should Be Equal As Numbers" library="BuiltIn">
<arg>${delete_response.status_code}</arg>
<arg>204</arg>
<doc>Fails if objects are unequal after converting them to real numbers.</doc>
<msg timestamp="20231228 14:20:51.960" level="INFO">Argument types are:
&lt;class 'int'&gt;
&lt;class 'str'&gt;</msg>
<status status="PASS" starttime="20231228 14:20:51.960" endtime="20231228 14:20:51.960"/>
</kw>
<kw name="Log" library="BuiltIn">
<arg>${delete_response.text}</arg>
<doc>Logs the given message with the given level.</doc>
<msg timestamp="20231228 14:20:51.966" level="INFO"/>
<status status="PASS" starttime="20231228 14:20:51.965" endtime="20231228 14:20:51.966"/>
</kw>
<status status="PASS" starttime="20231228 14:20:51.386" endtime="20231228 14:20:51.966"/>
</test>
<status status="PASS" starttime="20231228 14:20:51.084" endtime="20231228 14:20:51.966"/>
</suite>
<statistics>
<total>
<stat pass="1" fail="0" skip="0">All Tests</stat>
</total>
<tag>
</tag>
<suite>
<stat pass="1" fail="0" skip="0" id="s1" name="Delete Api Postman">Delete Api Postman</stat>
</suite>
</statistics>
<errors>
<msg timestamp="20231228 14:20:51.389" level="WARN">Keyword 'RequestsLibrary.Delete Request' is deprecated. Please use `DELETE On Session` instead.</msg>
</errors>
</robot>
